[2025-08-20 22:29:38] INFO  Baseclass:54 - Chrome browser opened successfully
[2025-08-20 22:29:38] INFO  Baseclass:71 - Browser window maximized successfully
[2025-08-20 22:29:45] INFO  Baseclass:77 - Website is running on https://demo-gcd.omnna.live/index.php
[2025-08-20 22:29:45] INFO  Baseclass:84 - Entered username is: admin
[2025-08-20 22:29:49] INFO  Baseclass:23 - Hovered on productManagement hovered successfully
[2025-08-20 22:29:49] INFO  Baseclass:25 - Hovered on product successfully
[2025-08-20 22:29:52] INFO  Baseclass:27 - Clicked on product successfully
[2025-08-20 22:29:52] INFO  Baseclass:30 - Product number entered is:505201840239
[2025-08-20 22:29:52] INFO  Baseclass:33 - M1 entered is:966493020212
[2025-08-20 22:29:52] INFO  Baseclass:36 - CurrentCost entered is:882918832739
[2025-08-20 22:29:56] INFO  Baseclass:39 - Clicked on saveProduct successfully
[2025-08-20 22:44:29] INFO  Baseclass:59 - Chrome browser opened successfully
[2025-08-20 22:44:29] INFO  Baseclass:76 - Browser window maximized successfully
[2025-08-20 22:44:34] INFO  Baseclass:82 - Website is running on https://demo-gcd.omnna.live/index.php
[2025-08-20 22:44:34] INFO  Baseclass:89 - Entered username is: admin
[2025-08-20 22:44:34] INFO  Baseclass:99 - Login completed
[2025-08-20 22:44:39] INFO  Baseclass:23 - Hovered on productManagement hovered successfully
[2025-08-20 22:44:39] INFO  Baseclass:25 - Hovered on product successfully
[2025-08-20 22:44:42] INFO  Baseclass:27 - Clicked on product successfully
[2025-08-20 22:44:42] INFO  Baseclass:30 - Product number entered is:736339983747
[2025-08-20 22:44:42] INFO  Baseclass:33 - M1 entered is:166839564800
[2025-08-20 22:44:42] INFO  Baseclass:36 - CurrentCost entered is:514482059813
[2025-08-20 22:44:47] INFO  Baseclass:39 - Clicked on saveProduct successfully
[2025-08-20 22:46:47] INFO  Baseclass:59 - Chrome browser opened successfully
[2025-08-20 22:46:47] INFO  Baseclass:76 - Browser window maximized successfully
[2025-08-20 22:46:52] INFO  Baseclass:82 - Website is running on https://demo-gcd.omnna.live/index.php
[2025-08-20 22:46:52] INFO  Baseclass:89 - Entered username is: admin
[2025-08-20 22:46:52] INFO  Baseclass:99 - Login completed
[2025-08-20 22:46:57] INFO  Baseclass:23 - Hovered on productManagement hovered successfully
[2025-08-20 22:46:57] INFO  Baseclass:25 - Hovered on product successfully
[2025-08-20 22:47:00] INFO  Baseclass:27 - Clicked on product successfully
[2025-08-20 22:47:00] INFO  Baseclass:30 - Product number entered is:469339236959
[2025-08-20 22:47:01] INFO  Baseclass:33 - M1 entered is:909437597356
[2025-08-20 22:47:01] INFO  Baseclass:36 - CurrentCost entered is:866001322340
[2025-08-20 22:47:06] INFO  Baseclass:39 - Clicked on saveProduct successfully
[2025-08-20 22:57:26] INFO  Baseclass:83 - Chrome browser opened successfully
[2025-08-20 22:58:28] INFO  Baseclass:82 - Chrome browser opened successfully
[2025-08-20 23:02:24] INFO  Baseclass:59 - Chrome browser opened successfully
[2025-08-20 23:02:24] INFO  Baseclass:76 - Browser window maximized successfully
[2025-08-20 23:02:30] INFO  Baseclass:82 - Website is running on https://demo-gcd.omnna.live/index.php
[2025-08-20 23:02:30] INFO  Baseclass:89 - Entered username is: admin
[2025-08-20 23:02:31] INFO  Baseclass:99 - Login completed
[2025-08-20 23:02:35] INFO  Baseclass:23 - Hovered on productManagement hovered successfully
[2025-08-20 23:02:35] INFO  Baseclass:25 - Hovered on product successfully
[2025-08-20 23:02:38] INFO  Baseclass:27 - Clicked on product successfully
[2025-08-20 23:02:38] INFO  Baseclass:30 - Product number entered is:116457941631
[2025-08-20 23:02:38] INFO  Baseclass:33 - M1 entered is:719676140646
[2025-08-20 23:02:38] INFO  Baseclass:36 - CurrentCost entered is:398434605472
[2025-08-20 23:02:42] INFO  Baseclass:39 - Clicked on saveProduct successfully
[2025-08-25 21:16:24] INFO  Baseclass:59 - Chrome browser opened successfully
[2025-08-25 21:16:24] INFO  Baseclass:76 - Browser window maximized successfully
[2025-08-25 21:16:28] INFO  Baseclass:82 - Website is running on https://demo-gcd.omnna.live/index.php
[2025-08-25 21:16:28] INFO  Baseclass:89 - Entered username is: admin
[2025-08-25 21:16:35] INFO  Baseclass:99 - Login completed
[2025-08-25 21:16:35] INFO  Baseclass:30 - Hovered on productManagement hovered successfully
[2025-08-25 21:16:35] INFO  Baseclass:33 - Hovered on product successfully
[2025-08-25 21:16:37] INFO  Baseclass:36 - Clicked on product successfully
[2025-08-25 21:16:37] INFO  Baseclass:40 - Product number entered is:671500238454
[2025-08-25 21:16:38] INFO  Baseclass:44 - M1 entered is:644844447660
[2025-08-25 21:16:38] INFO  Baseclass:48 - CurrentCost entered is:895228422345
[2025-08-25 21:16:42] INFO  Baseclass:51 - Clicked on saveProduct successfully
[2025-08-25 21:16:42] INFO  Baseclass:54 - Hovered on equipmentManagement successfully
[2025-08-25 21:16:42] INFO  Baseclass:57 - Hovered on equipment successfully
[2025-08-25 21:16:44] INFO  Baseclass:60 - Clicked on createEquipment successfully
[2025-08-26 20:42:22] INFO  Baseclass:59 - Chrome browser opened successfully
[2025-08-26 20:42:22] INFO  Baseclass:76 - Browser window maximized successfully
[2025-08-26 20:42:26] INFO  Baseclass:82 - Website is running on https://demo-gcd.omnna.live/index.php
[2025-08-26 20:42:26] INFO  Baseclass:89 - Entered username is: admin
[2025-08-26 20:42:26] INFO  Baseclass:99 - Login completed
[2025-08-26 20:42:34] INFO  Baseclass:30 - Hovered on productManagement hovered successfully
[2025-08-26 20:42:34] INFO  Baseclass:33 - Hovered on product successfully
[2025-08-26 20:42:38] INFO  Baseclass:36 - Clicked on product successfully
[2025-08-26 20:42:38] INFO  Baseclass:40 - Product number entered is:928389924601
[2025-08-26 20:42:38] INFO  Baseclass:44 - M1 entered is:960433855216
[2025-08-26 20:42:38] INFO  Baseclass:48 - CurrentCost entered is:472925925540
[2025-08-26 20:42:44] INFO  Baseclass:51 - Clicked on saveProduct successfully
[2025-08-26 20:42:44] INFO  Baseclass:54 - Hovered on equipmentManagement successfully
[2025-08-26 20:42:45] INFO  Baseclass:57 - Hovered on equipment successfully
[2025-08-26 20:42:48] INFO  Baseclass:60 - Clicked on createEquipment successfully
[2025-08-26 20:45:54] INFO  Baseclass:59 - Chrome browser opened successfully
[2025-08-26 20:45:54] INFO  Baseclass:76 - Browser window maximized successfully
[2025-08-26 20:46:02] INFO  Baseclass:82 - Website is running on https://demo-gcd.omnna.live/index.php
[2025-08-26 20:46:02] INFO  Baseclass:89 - Entered username is: admin
[2025-08-26 20:46:03] INFO  Baseclass:99 - Login completed
[2025-08-26 20:46:09] INFO  Baseclass:30 - Hovered on productManagement hovered successfully
[2025-08-26 20:46:31] INFO  Baseclass:59 - Chrome browser opened successfully
[2025-08-26 20:46:31] INFO  Baseclass:76 - Browser window maximized successfully
[2025-08-26 20:46:39] INFO  Baseclass:82 - Website is running on https://demo-gcd.omnna.live/index.php
[2025-08-26 20:46:39] INFO  Baseclass:89 - Entered username is: admin
[2025-08-26 20:46:39] INFO  Baseclass:99 - Login completed
[2025-08-26 20:46:48] INFO  Baseclass:30 - Hovered on productManagement hovered successfully
[2025-08-26 20:46:49] INFO  Baseclass:33 - Hovered on product successfully
[2025-08-26 20:46:51] INFO  Baseclass:36 - Clicked on product successfully
[2025-08-26 20:46:51] INFO  Baseclass:40 - Product number entered is:874362916567
[2025-08-26 20:46:51] INFO  Baseclass:44 - M1 entered is:906775476816
[2025-08-26 20:46:51] INFO  Baseclass:48 - CurrentCost entered is:790688453479
[2025-08-26 20:46:58] INFO  Baseclass:51 - Clicked on saveProduct successfully
[2025-08-26 20:46:58] INFO  Baseclass:54 - Hovered on equipmentManagement successfully
[2025-08-26 20:46:58] INFO  Baseclass:57 - Hovered on equipment successfully
[2025-08-26 20:47:00] INFO  Baseclass:60 - Clicked on createEquipment successfully
[2025-08-26 20:49:04] INFO  Baseclass:59 - Chrome browser opened successfully
[2025-08-26 20:49:04] INFO  Baseclass:76 - Browser window maximized successfully
[2025-08-26 20:49:07] INFO  Baseclass:82 - Website is running on https://demo-gcd.omnna.live/index.php
[2025-08-26 20:49:07] INFO  Baseclass:89 - Entered username is: admin
[2025-08-26 20:49:08] INFO  Baseclass:99 - Login completed
[2025-08-26 20:49:12] INFO  Baseclass:30 - Hovered on productManagement hovered successfully
[2025-08-26 20:49:12] INFO  Baseclass:33 - Hovered on product successfully
[2025-08-26 20:49:14] INFO  Baseclass:36 - Clicked on product successfully
[2025-08-26 20:49:15] INFO  Baseclass:40 - Product number entered is:758828210445
[2025-08-26 20:49:15] INFO  Baseclass:44 - M1 entered is:670082155289
[2025-08-26 20:49:15] INFO  Baseclass:48 - CurrentCost entered is:942968076736
[2025-08-26 20:49:21] INFO  Baseclass:51 - Clicked on saveProduct successfully
[2025-08-26 20:49:22] INFO  Baseclass:54 - Hovered on equipmentManagement successfully
[2025-08-26 20:49:22] INFO  Baseclass:57 - Hovered on equipment successfully
[2025-08-26 20:49:28] INFO  Baseclass:60 - Clicked on createEquipment successfully
[2025-08-26 20:49:29] INFO  Baseclass:67 - Product family selected is: 104
[2025-08-26 20:49:29] INFO  Baseclass:71 - year selected is: 67
[2025-08-26 20:49:30] INFO  Baseclass:75 - Make selected is: 55
[2025-08-26 20:49:30] INFO  Baseclass:79 - Model selected is: 119
[2025-08-26 20:54:27] INFO  Baseclass:59 - Chrome browser opened successfully
[2025-08-26 20:54:27] INFO  Baseclass:76 - Browser window maximized successfully
[2025-08-26 20:54:31] INFO  Baseclass:82 - Website is running on https://demo-gcd.omnna.live/index.php
[2025-08-26 20:54:31] INFO  Baseclass:89 - Entered username is: admin
[2025-08-26 20:54:31] INFO  Baseclass:99 - Login completed
[2025-08-26 20:54:38] INFO  Baseclass:30 - Hovered on productManagement hovered successfully
[2025-08-26 20:54:39] INFO  Baseclass:33 - Hovered on product successfully
[2025-08-26 20:54:41] INFO  Baseclass:36 - Clicked on product successfully
[2025-08-26 20:54:41] INFO  Baseclass:40 - Product number entered is:465372407493
[2025-08-26 20:54:41] INFO  Baseclass:44 - M1 entered is:290710404666
[2025-08-26 20:54:41] INFO  Baseclass:48 - CurrentCost entered is:752715037206
[2025-08-26 20:54:46] INFO  Baseclass:51 - Clicked on saveProduct successfully
[2025-08-26 20:54:46] INFO  Baseclass:54 - Hovered on equipmentManagement successfully
[2025-08-26 20:54:46] INFO  Baseclass:57 - Hovered on equipment successfully
[2025-08-26 20:54:49] INFO  Baseclass:60 - Clicked on createEquipment successfully
[2025-08-26 20:54:50] INFO  Baseclass:67 - Product family selected is: 104
[2025-08-26 20:54:50] INFO  Baseclass:71 - year selected is: 67
[2025-08-26 20:54:50] INFO  Baseclass:75 - Make selected is: 55
[2025-08-26 20:54:51] INFO  Baseclass:79 - Model selected is: 119
[2025-08-26 20:57:49] INFO  Baseclass:59 - Chrome browser opened successfully
[2025-08-26 20:57:49] INFO  Baseclass:76 - Browser window maximized successfully
[2025-08-26 20:57:58] INFO  Baseclass:82 - Website is running on https://demo-gcd.omnna.live/index.php
[2025-08-26 20:57:58] INFO  Baseclass:89 - Entered username is: admin
[2025-08-26 20:58:02] INFO  Baseclass:99 - Login completed
[2025-08-26 20:58:02] INFO  Baseclass:30 - Hovered on productManagement hovered successfully
[2025-08-26 20:58:02] INFO  Baseclass:33 - Hovered on product successfully
[2025-08-26 20:58:05] INFO  Baseclass:36 - Clicked on product successfully
[2025-08-26 20:58:05] INFO  Baseclass:40 - Product number entered is:061355595259
[2025-08-26 20:58:05] INFO  Baseclass:44 - M1 entered is:272773151577
[2025-08-26 20:58:05] INFO  Baseclass:48 - CurrentCost entered is:322983389783
[2025-08-26 20:58:09] INFO  Baseclass:51 - Clicked on saveProduct successfully
[2025-08-26 20:58:09] INFO  Baseclass:54 - Hovered on equipmentManagement successfully
[2025-08-26 20:58:10] INFO  Baseclass:57 - Hovered on equipment successfully
[2025-08-26 20:58:12] INFO  Baseclass:60 - Clicked on createEquipment successfully
[2025-08-26 20:58:12] INFO  Baseclass:67 - Product family selected is: 104
[2025-08-26 20:58:13] INFO  Baseclass:71 - year selected is: 67
[2025-08-26 20:58:14] INFO  Baseclass:75 - Make selected is: 55
[2025-08-26 20:58:14] INFO  Baseclass:79 - Model selected is: 106
[2025-08-26 20:58:15] INFO  Baseclass:89 - Availability Status selected is: 8
[2025-08-26 20:58:15] INFO  Baseclass:93 - Serial number entered is: 829085754267
[2025-08-26 20:59:15] INFO  Baseclass:59 - Chrome browser opened successfully
[2025-08-26 20:59:15] INFO  Baseclass:76 - Browser window maximized successfully
[2025-08-26 20:59:24] INFO  Baseclass:82 - Website is running on https://demo-gcd.omnna.live/index.php
[2025-08-26 20:59:24] INFO  Baseclass:89 - Entered username is: admin
[2025-08-26 20:59:24] INFO  Baseclass:99 - Login completed
[2025-08-26 20:59:29] INFO  Baseclass:30 - Hovered on productManagement hovered successfully
[2025-08-26 20:59:29] INFO  Baseclass:33 - Hovered on product successfully
[2025-08-26 20:59:31] INFO  Baseclass:36 - Clicked on product successfully
[2025-08-26 20:59:31] INFO  Baseclass:40 - Product number entered is:518958907513
[2025-08-26 20:59:31] INFO  Baseclass:44 - M1 entered is:357935872835
[2025-08-26 20:59:32] INFO  Baseclass:48 - CurrentCost entered is:987151380163
[2025-08-26 20:59:35] INFO  Baseclass:51 - Clicked on saveProduct successfully
[2025-08-26 20:59:35] INFO  Baseclass:54 - Hovered on equipmentManagement successfully
[2025-08-26 20:59:35] INFO  Baseclass:57 - Hovered on equipment successfully
[2025-08-26 20:59:38] INFO  Baseclass:60 - Clicked on createEquipment successfully
[2025-08-26 20:59:39] INFO  Baseclass:67 - Product family selected is: 104
[2025-08-26 20:59:39] INFO  Baseclass:71 - year selected is: 67
[2025-08-26 20:59:39] INFO  Baseclass:75 - Make selected is: 55
[2025-08-26 20:59:39] INFO  Baseclass:79 - Model selected is: 106
[2025-08-26 20:59:40] INFO  Baseclass:84 - Availability Status selected is: 8
[2025-08-26 20:59:40] INFO  Baseclass:88 - Serial number entered is: 057209587080
[2025-08-26 20:59:47] INFO  Baseclass:91 - Equipment cost entered successfully
[2025-08-26 21:05:34] INFO  Baseclass:59 - Chrome browser opened successfully
[2025-08-26 21:05:34] INFO  Baseclass:76 - Browser window maximized successfully
[2025-08-26 21:05:38] INFO  Baseclass:82 - Website is running on https://demo-gcd.omnna.live/index.php
[2025-08-26 21:05:38] INFO  Baseclass:89 - Entered username is: admin
[2025-08-26 21:05:48] INFO  Baseclass:99 - Login completed
[2025-08-26 21:05:49] INFO  Baseclass:30 - Hovered on productManagement hovered successfully
[2025-08-26 21:05:49] INFO  Baseclass:33 - Hovered on product successfully
[2025-08-26 21:05:51] INFO  Baseclass:36 - Clicked on product successfully
[2025-08-26 21:05:52] INFO  Baseclass:40 - Product number entered is:312708444010
[2025-08-26 21:05:52] INFO  Baseclass:44 - M1 entered is:833101855050
[2025-08-26 21:05:52] INFO  Baseclass:48 - CurrentCost entered is:454926634427
[2025-08-26 21:05:56] INFO  Baseclass:51 - Clicked on saveProduct successfully
[2025-08-26 21:05:56] INFO  Baseclass:54 - Hovered on equipmentManagement successfully
[2025-08-26 21:05:57] INFO  Baseclass:57 - Hovered on equipment successfully
[2025-08-26 21:05:59] INFO  Baseclass:60 - Clicked on createEquipment successfully
[2025-08-26 21:05:59] INFO  Baseclass:67 - Product family selected is: 104
[2025-08-26 21:05:59] INFO  Baseclass:71 - year selected is: 67
[2025-08-26 21:06:01] INFO  Baseclass:75 - Make selected is: 55
[2025-08-26 21:06:01] INFO  Baseclass:79 - Model selected is: 106
[2025-08-26 21:06:01] INFO  Baseclass:83 - Model popup closed successfully
[2025-08-26 21:06:01] INFO  Baseclass:90 - Availability Status selected is: 8
[2025-08-26 21:06:01] INFO  Baseclass:94 - Serial number entered is: 103792803542
[2025-08-26 21:06:02] INFO  Baseclass:97 - Equipment cost entered successfully
[2025-08-26 22:47:48] INFO  Baseclass:59 - Chrome browser opened successfully
[2025-08-26 22:47:48] INFO  Baseclass:76 - Browser window maximized successfully
[2025-08-26 22:47:51] INFO  Baseclass:82 - Website is running on https://demo-gcd.omnna.live/index.php
[2025-08-26 22:47:52] INFO  Baseclass:89 - Entered username is: admin
[2025-08-26 22:47:52] INFO  Baseclass:99 - Login completed
[2025-08-26 22:47:59] INFO  Baseclass:30 - Hovered on productManagement hovered successfully
[2025-08-26 22:47:59] INFO  Baseclass:33 - Hovered on product successfully
[2025-08-26 22:48:01] INFO  Baseclass:36 - Clicked on product successfully
[2025-08-26 22:48:02] INFO  Baseclass:40 - Product number entered is:174981458113
[2025-08-26 22:48:02] INFO  Baseclass:44 - M1 entered is:397099479128
[2025-08-26 22:48:02] INFO  Baseclass:48 - CurrentCost entered is:304661273451
[2025-08-26 22:48:06] INFO  Baseclass:51 - Clicked on saveProduct successfully
[2025-08-26 22:48:07] INFO  Baseclass:54 - Hovered on equipmentManagement successfully
[2025-08-26 22:48:07] INFO  Baseclass:57 - Hovered on equipment successfully
[2025-08-26 22:48:09] INFO  Baseclass:60 - Clicked on createEquipment successfully
[2025-08-26 22:48:09] INFO  Baseclass:67 - Product family selected is: 104
[2025-08-26 22:48:09] INFO  Baseclass:71 - year selected is: 67
[2025-08-26 22:48:10] INFO  Baseclass:75 - Make selected is: 55
[2025-08-26 22:48:10] INFO  Baseclass:79 - Model selected is: 106
[2025-08-26 22:48:10] INFO  Baseclass:83 - Model popup closed successfully
[2025-08-26 22:48:10] INFO  Baseclass:90 - Availability Status selected is: 8
[2025-08-26 22:48:10] INFO  Baseclass:94 - Serial number entered is: 761414802066
[2025-08-26 22:48:10] INFO  Baseclass:97 - Equipment cost entered successfully
[2025-08-26 22:48:10] INFO  Baseclass:100 - Clicked on equipment save successfully
[2025-08-26 22:48:10] INFO  Baseclass:104 - Hovered on pointOfSale successfully
[2025-08-26 22:51:46] INFO  Baseclass:59 - Chrome browser opened successfully
[2025-08-26 22:51:46] INFO  Baseclass:76 - Browser window maximized successfully
[2025-08-26 22:51:49] INFO  Baseclass:82 - Website is running on https://demo-gcd.omnna.live/index.php
[2025-08-26 22:51:49] INFO  Baseclass:89 - Entered username is: admin
[2025-08-26 22:51:50] INFO  Baseclass:99 - Login completed
[2025-08-26 22:51:54] INFO  Baseclass:30 - Hovered on productManagement hovered successfully
[2025-08-26 22:51:54] INFO  Baseclass:33 - Hovered on product successfully
[2025-08-26 22:51:56] INFO  Baseclass:36 - Clicked on product successfully
[2025-08-26 22:51:56] INFO  Baseclass:40 - Product number entered is:303345216572
[2025-08-26 22:51:56] INFO  Baseclass:44 - M1 entered is:353274547833
[2025-08-26 22:51:56] INFO  Baseclass:48 - CurrentCost entered is:178793496604
[2025-08-26 22:52:00] INFO  Baseclass:51 - Clicked on saveProduct successfully
[2025-08-26 22:52:00] INFO  Baseclass:54 - Hovered on equipmentManagement successfully
[2025-08-26 22:52:00] INFO  Baseclass:57 - Hovered on equipment successfully
[2025-08-26 22:52:02] INFO  Baseclass:60 - Clicked on createEquipment successfully
[2025-08-26 22:52:03] INFO  Baseclass:67 - Product family selected is: 104
[2025-08-26 22:52:03] INFO  Baseclass:71 - year selected is: 67
[2025-08-26 22:52:04] INFO  Baseclass:75 - Make selected is: 55
[2025-08-26 22:52:04] INFO  Baseclass:79 - Model selected is: 106
[2025-08-26 22:52:04] INFO  Baseclass:83 - Model popup closed successfully
[2025-08-26 22:52:04] INFO  Baseclass:90 - Availability Status selected is: 8
[2025-08-26 22:52:04] INFO  Baseclass:94 - Serial number entered is: 750338550346
[2025-08-26 22:52:04] INFO  Baseclass:97 - Equipment cost entered successfully
[2025-08-26 22:52:04] INFO  Baseclass:100 - Clicked on equipment save successfully
[2025-08-26 22:52:04] INFO  Baseclass:104 - Hovered on pointOfSale successfully
[2025-08-26 22:55:40] INFO  Baseclass:59 - Chrome browser opened successfully
[2025-08-26 22:55:40] INFO  Baseclass:76 - Browser window maximized successfully
[2025-08-26 22:55:49] INFO  Baseclass:82 - Website is running on https://demo-gcd.omnna.live/index.php
[2025-08-26 22:55:49] INFO  Baseclass:89 - Entered username is: admin
[2025-08-26 22:55:49] INFO  Baseclass:99 - Login completed
[2025-08-26 22:55:53] INFO  Baseclass:30 - Hovered on productManagement hovered successfully
[2025-08-26 22:55:53] INFO  Baseclass:33 - Hovered on product successfully
[2025-08-26 22:55:55] INFO  Baseclass:36 - Clicked on product successfully
[2025-08-26 22:55:55] INFO  Baseclass:40 - Product number entered is:836741882420
[2025-08-26 22:55:55] INFO  Baseclass:44 - M1 entered is:380828824717
[2025-08-26 22:55:55] INFO  Baseclass:48 - CurrentCost entered is:558721570890
[2025-08-26 22:55:58] INFO  Baseclass:51 - Clicked on saveProduct successfully
[2025-08-26 22:55:58] INFO  Baseclass:54 - Hovered on equipmentManagement successfully
[2025-08-26 22:55:59] INFO  Baseclass:57 - Hovered on equipment successfully
[2025-08-26 22:56:01] INFO  Baseclass:60 - Clicked on createEquipment successfully
[2025-08-26 22:56:01] INFO  Baseclass:67 - Product family selected is: 104
[2025-08-26 22:56:01] INFO  Baseclass:71 - year selected is: 67
[2025-08-26 22:56:02] INFO  Baseclass:75 - Make selected is: 55
[2025-08-26 22:56:02] INFO  Baseclass:79 - Model selected is: 106
[2025-08-26 22:56:02] INFO  Baseclass:83 - Model popup closed successfully
[2025-08-26 22:56:02] INFO  Baseclass:90 - Availability Status selected is: 8
[2025-08-26 22:56:02] INFO  Baseclass:94 - Serial number entered is: 872100278695
[2025-08-26 22:56:02] INFO  Baseclass:97 - Equipment cost entered successfully
[2025-08-26 22:56:02] INFO  Baseclass:100 - Clicked on equipment save successfully
[2025-08-26 22:56:03] INFO  Baseclass:104 - Hovered on pointOfSale successfully
[2025-08-26 22:58:28] INFO  Baseclass:59 - Chrome browser opened successfully
[2025-08-26 22:58:28] INFO  Baseclass:76 - Browser window maximized successfully
[2025-08-26 22:58:31] INFO  Baseclass:82 - Website is running on https://demo-gcd.omnna.live/index.php
[2025-08-26 22:58:31] INFO  Baseclass:89 - Entered username is: admin
[2025-08-26 22:58:38] INFO  Baseclass:99 - Login completed
[2025-08-26 22:58:38] INFO  Baseclass:31 - Hovered on productManagement hovered successfully
[2025-08-26 22:58:38] INFO  Baseclass:34 - Hovered on product successfully
[2025-08-26 22:58:41] INFO  Baseclass:37 - Clicked on product successfully
[2025-08-26 22:58:41] INFO  Baseclass:41 - Product number entered is:598505948776
[2025-08-26 22:58:41] INFO  Baseclass:45 - M1 entered is:601802216602
[2025-08-26 22:58:41] INFO  Baseclass:49 - CurrentCost entered is:701428771750
[2025-08-26 22:58:46] INFO  Baseclass:52 - Clicked on saveProduct successfully
[2025-08-26 22:58:46] INFO  Baseclass:55 - Hovered on equipmentManagement successfully
[2025-08-26 22:58:47] INFO  Baseclass:58 - Hovered on equipment successfully
[2025-08-26 22:58:49] INFO  Baseclass:61 - Clicked on createEquipment successfully
[2025-08-26 22:58:49] INFO  Baseclass:68 - Product family selected is: 104
[2025-08-26 22:58:49] INFO  Baseclass:72 - year selected is: 67
[2025-08-26 22:58:50] INFO  Baseclass:76 - Make selected is: 55
[2025-08-26 22:58:50] INFO  Baseclass:80 - Model selected is: 106
[2025-08-26 22:58:50] INFO  Baseclass:84 - Model popup closed successfully
[2025-08-26 22:58:50] INFO  Baseclass:91 - Availability Status selected is: 8
[2025-08-26 22:58:50] INFO  Baseclass:95 - Serial number entered is: 663178142232
[2025-08-26 22:58:50] INFO  Baseclass:98 - Equipment cost entered successfully
[2025-08-26 22:58:50] INFO  Baseclass:101 - Clicked on equipment save successfully
[2025-08-26 22:58:50] INFO  Baseclass:105 - Hovered on pointOfSale successfully
[2025-08-26 23:02:08] INFO  Baseclass:59 - Chrome browser opened successfully
[2025-08-26 23:02:08] INFO  Baseclass:76 - Browser window maximized successfully
[2025-08-26 23:02:13] INFO  Baseclass:82 - Website is running on https://demo-gcd.omnna.live/index.php
[2025-08-26 23:02:13] INFO  Baseclass:89 - Entered username is: admin
[2025-08-26 23:02:13] INFO  Baseclass:99 - Login completed
[2025-08-26 23:02:17] INFO  Baseclass:31 - Hovered on productManagement hovered successfully
[2025-08-26 23:02:17] INFO  Baseclass:34 - Hovered on product successfully
[2025-08-26 23:02:21] INFO  Baseclass:37 - Clicked on product successfully
[2025-08-26 23:02:21] INFO  Baseclass:41 - Product number entered is:582847487440
[2025-08-26 23:02:21] INFO  Baseclass:45 - M1 entered is:967084244852
[2025-08-26 23:02:21] INFO  Baseclass:49 - CurrentCost entered is:815375613182
[2025-08-26 23:02:25] INFO  Baseclass:52 - Clicked on saveProduct successfully
[2025-08-26 23:02:25] INFO  Baseclass:55 - Hovered on equipmentManagement successfully
[2025-08-26 23:02:25] INFO  Baseclass:58 - Hovered on equipment successfully
[2025-08-26 23:02:27] INFO  Baseclass:61 - Clicked on createEquipment successfully
[2025-08-26 23:02:27] INFO  Baseclass:68 - Product family selected is: 104
[2025-08-26 23:02:27] INFO  Baseclass:72 - year selected is: 67
[2025-08-26 23:02:28] INFO  Baseclass:76 - Make selected is: 55
[2025-08-26 23:02:28] INFO  Baseclass:80 - Model selected is: 106
[2025-08-26 23:02:28] INFO  Baseclass:84 - Model popup closed successfully
[2025-08-26 23:02:28] INFO  Baseclass:91 - Availability Status selected is: 8
[2025-08-26 23:02:28] INFO  Baseclass:95 - Serial number entered is: 769093678695
[2025-08-26 23:02:28] INFO  Baseclass:98 - Equipment cost entered successfully
[2025-08-26 23:02:28] INFO  Baseclass:101 - Clicked on equipment save successfully
[2025-08-26 23:02:56] INFO  Baseclass:59 - Chrome browser opened successfully
[2025-08-26 23:02:56] INFO  Baseclass:76 - Browser window maximized successfully
[2025-08-26 23:02:59] INFO  Baseclass:82 - Website is running on https://demo-gcd.omnna.live/index.php
[2025-08-26 23:02:59] INFO  Baseclass:89 - Entered username is: admin
[2025-08-26 23:03:00] INFO  Baseclass:99 - Login completed
[2025-08-26 23:03:07] INFO  Baseclass:31 - Hovered on productManagement hovered successfully
[2025-08-26 23:03:08] INFO  Baseclass:34 - Hovered on product successfully
[2025-08-26 23:03:11] INFO  Baseclass:37 - Clicked on product successfully
[2025-08-26 23:03:11] INFO  Baseclass:41 - Product number entered is:903445527317
[2025-08-26 23:03:11] INFO  Baseclass:45 - M1 entered is:679906683350
[2025-08-26 23:03:11] INFO  Baseclass:49 - CurrentCost entered is:830203677374
[2025-08-26 23:03:16] INFO  Baseclass:52 - Clicked on saveProduct successfully
[2025-08-26 23:03:16] INFO  Baseclass:55 - Hovered on equipmentManagement successfully
[2025-08-26 23:03:16] INFO  Baseclass:58 - Hovered on equipment successfully
[2025-08-26 23:03:18] INFO  Baseclass:61 - Clicked on createEquipment successfully
[2025-08-26 23:03:18] INFO  Baseclass:68 - Product family selected is: 104
[2025-08-26 23:03:18] INFO  Baseclass:72 - year selected is: 67
[2025-08-26 23:03:19] INFO  Baseclass:76 - Make selected is: 55
[2025-08-26 23:03:19] INFO  Baseclass:80 - Model selected is: 106
[2025-08-26 23:03:19] INFO  Baseclass:84 - Model popup closed successfully
[2025-08-26 23:03:19] INFO  Baseclass:91 - Availability Status selected is: 8
[2025-08-26 23:03:19] INFO  Baseclass:95 - Serial number entered is: 885518419952
[2025-08-26 23:03:19] INFO  Baseclass:98 - Equipment cost entered successfully
[2025-08-26 23:03:19] INFO  Baseclass:101 - Clicked on equipment save successfully
[2025-08-26 23:03:19] INFO  Baseclass:105 - Hovered on pointOfSale successfully
[2025-08-26 23:08:47] INFO  Baseclass:59 - Chrome browser opened successfully
[2025-08-26 23:08:47] INFO  Baseclass:76 - Browser window maximized successfully
[2025-08-26 23:08:50] INFO  Baseclass:82 - Website is running on https://demo-gcd.omnna.live/index.php
[2025-08-26 23:08:50] INFO  Baseclass:89 - Entered username is: admin
[2025-08-26 23:08:50] INFO  Baseclass:99 - Login completed
[2025-08-26 23:08:54] INFO  Baseclass:36 - Hovered on productManagement hovered successfully
[2025-08-26 23:08:54] INFO  Baseclass:39 - Hovered on product successfully
[2025-08-26 23:08:56] INFO  Baseclass:42 - Clicked on product successfully
[2025-08-26 23:08:57] INFO  Baseclass:46 - Product number entered is:886947558860
[2025-08-26 23:08:57] INFO  Baseclass:50 - M1 entered is:826134182432
[2025-08-26 23:08:57] INFO  Baseclass:54 - CurrentCost entered is:071752086149
[2025-08-26 23:09:01] INFO  Baseclass:57 - Clicked on saveProduct successfully
[2025-08-26 23:09:01] INFO  Baseclass:60 - Hovered on equipmentManagement successfully
[2025-08-26 23:09:01] INFO  Baseclass:63 - Hovered on equipment successfully
[2025-08-26 23:09:04] INFO  Baseclass:66 - Clicked on createEquipment successfully
[2025-08-26 23:09:04] INFO  Baseclass:73 - Product family selected is: 104
[2025-08-26 23:09:04] INFO  Baseclass:77 - year selected is: 67
[2025-08-26 23:09:04] INFO  Baseclass:81 - Make selected is: 55
[2025-08-26 23:09:05] INFO  Baseclass:85 - Model selected is: 106
[2025-08-26 23:09:05] INFO  Baseclass:89 - Model popup closed successfully
[2025-08-26 23:09:05] INFO  Baseclass:96 - Availability Status selected is: 8
[2025-08-26 23:09:05] INFO  Baseclass:100 - Serial number entered is: 754527042393
[2025-08-26 23:09:05] INFO  Baseclass:103 - Equipment cost entered successfully
[2025-08-26 23:09:05] INFO  Baseclass:106 - Clicked on equipment save successfully
[2025-08-26 23:09:05] INFO  Baseclass:110 - Hovered on pointOfSale successfully
[2025-08-26 23:15:23] INFO  Baseclass:59 - Chrome browser opened successfully
[2025-08-26 23:15:23] INFO  Baseclass:76 - Browser window maximized successfully
[2025-08-26 23:15:26] INFO  Baseclass:82 - Website is running on https://demo-gcd.omnna.live/index.php
[2025-08-26 23:15:26] INFO  Baseclass:89 - Entered username is: admin
[2025-08-26 23:15:30] INFO  Baseclass:99 - Login completed
[2025-08-26 23:15:30] INFO  Baseclass:36 - Hovered on productManagement hovered successfully
[2025-08-26 23:15:30] INFO  Baseclass:39 - Hovered on product successfully
[2025-08-26 23:15:33] INFO  Baseclass:42 - Clicked on product successfully
[2025-08-26 23:15:33] INFO  Baseclass:46 - Product number entered is:268523703256
[2025-08-26 23:15:33] INFO  Baseclass:50 - M1 entered is:742390640182
[2025-08-26 23:15:33] INFO  Baseclass:54 - CurrentCost entered is:231847664066
[2025-08-26 23:15:37] INFO  Baseclass:57 - Clicked on saveProduct successfully
[2025-08-26 23:15:37] INFO  Baseclass:60 - Hovered on equipmentManagement successfully
[2025-08-26 23:15:37] INFO  Baseclass:63 - Hovered on equipment successfully
[2025-08-26 23:15:40] INFO  Baseclass:66 - Clicked on createEquipment successfully
[2025-08-26 23:15:40] INFO  Baseclass:73 - Product family selected is: 104
[2025-08-26 23:15:40] INFO  Baseclass:77 - year selected is: 67
[2025-08-26 23:15:41] INFO  Baseclass:81 - Make selected is: 55
[2025-08-26 23:15:41] INFO  Baseclass:85 - Model selected is: 106
[2025-08-26 23:15:41] INFO  Baseclass:89 - Model popup closed successfully
[2025-08-26 23:15:41] INFO  Baseclass:96 - Availability Status selected is: 8
[2025-08-26 23:15:41] INFO  Baseclass:100 - Serial number entered is: 018947226294
[2025-08-26 23:15:41] INFO  Baseclass:103 - Equipment cost entered successfully
[2025-08-26 23:15:41] INFO  Baseclass:106 - Clicked on equipment save successfully
[2025-08-26 23:15:42] INFO  Baseclass:109 - Vendor popup closed successfully
[2025-08-26 23:15:42] INFO  Baseclass:112 - Hovered on pointOfSale successfully
[2025-08-26 23:16:55] INFO  Baseclass:59 - Chrome browser opened successfully
[2025-08-26 23:16:55] INFO  Baseclass:76 - Browser window maximized successfully
[2025-08-26 23:16:59] INFO  Baseclass:82 - Website is running on https://demo-gcd.omnna.live/index.php
[2025-08-26 23:16:59] INFO  Baseclass:89 - Entered username is: admin
[2025-08-26 23:16:59] INFO  Baseclass:99 - Login completed
[2025-08-26 23:17:04] INFO  Baseclass:36 - Hovered on productManagement hovered successfully
[2025-08-26 23:17:04] INFO  Baseclass:39 - Hovered on product successfully
[2025-08-26 23:17:06] INFO  Baseclass:42 - Clicked on product successfully
[2025-08-26 23:17:06] INFO  Baseclass:46 - Product number entered is:003557402405
[2025-08-26 23:17:06] INFO  Baseclass:50 - M1 entered is:146982156510
[2025-08-26 23:17:07] INFO  Baseclass:54 - CurrentCost entered is:748413333989
[2025-08-26 23:17:10] INFO  Baseclass:57 - Clicked on saveProduct successfully
[2025-08-26 23:17:11] INFO  Baseclass:60 - Hovered on equipmentManagement successfully
[2025-08-26 23:17:11] INFO  Baseclass:63 - Hovered on equipment successfully
[2025-08-26 23:17:13] INFO  Baseclass:66 - Clicked on createEquipment successfully
[2025-08-26 23:17:13] INFO  Baseclass:73 - Product family selected is: 104
[2025-08-26 23:17:13] INFO  Baseclass:77 - year selected is: 67
[2025-08-26 23:17:13] INFO  Baseclass:81 - Make selected is: 55
[2025-08-26 23:17:14] INFO  Baseclass:85 - Model selected is: 106
[2025-08-26 23:17:14] INFO  Baseclass:89 - Model popup closed successfully
[2025-08-26 23:17:14] INFO  Baseclass:96 - Availability Status selected is: 8
[2025-08-26 23:17:14] INFO  Baseclass:100 - Serial number entered is: 685225459569
[2025-08-26 23:17:14] INFO  Baseclass:103 - Equipment cost entered successfully
[2025-08-26 23:17:14] INFO  Baseclass:106 - Clicked on equipment save successfully
[2025-08-26 23:17:14] INFO  Baseclass:109 - Vendor popup closed successfully
[2025-08-26 23:17:14] INFO  Baseclass:112 - Hovered on pointOfSale successfully
[2025-08-26 23:18:34] INFO  Baseclass:59 - Chrome browser opened successfully
[2025-08-26 23:18:34] INFO  Baseclass:76 - Browser window maximized successfully
[2025-08-26 23:18:41] INFO  Baseclass:82 - Website is running on https://demo-gcd.omnna.live/index.php
[2025-08-26 23:18:41] INFO  Baseclass:89 - Entered username is: admin
[2025-08-26 23:18:41] INFO  Baseclass:99 - Login completed
[2025-08-26 23:18:48] INFO  Baseclass:34 - Hovered on productManagement hovered successfully
[2025-08-26 23:18:48] INFO  Baseclass:37 - Hovered on product successfully
[2025-08-26 23:18:50] INFO  Baseclass:40 - Clicked on product successfully
[2025-08-26 23:18:50] INFO  Baseclass:44 - Product number entered is:797760982445
[2025-08-26 23:18:50] INFO  Baseclass:48 - M1 entered is:443473408993
[2025-08-26 23:18:50] INFO  Baseclass:52 - CurrentCost entered is:695562760390
[2025-08-26 23:18:54] INFO  Baseclass:55 - Clicked on saveProduct successfully
[2025-08-26 23:18:54] INFO  Baseclass:58 - Hovered on equipmentManagement successfully
[2025-08-26 23:18:54] INFO  Baseclass:61 - Hovered on equipment successfully
[2025-08-26 23:18:56] INFO  Baseclass:64 - Clicked on createEquipment successfully
[2025-08-26 23:18:56] INFO  Baseclass:71 - Product family selected is: 104
[2025-08-26 23:18:56] INFO  Baseclass:75 - year selected is: 67
[2025-08-26 23:18:57] INFO  Baseclass:79 - Make selected is: 55
[2025-08-26 23:18:57] INFO  Baseclass:83 - Model selected is: 106
[2025-08-26 23:18:57] INFO  Baseclass:87 - Model popup closed successfully
[2025-08-26 23:18:57] INFO  Baseclass:94 - Availability Status selected is: 8
[2025-08-26 23:18:57] INFO  Baseclass:98 - Serial number entered is: 031361930837
[2025-08-26 23:18:57] INFO  Baseclass:102 - Equipment cost entered successfully
[2025-08-26 23:18:57] INFO  Baseclass:105 - Clicked on equipment save successfully
[2025-08-26 23:18:58] INFO  Baseclass:108 - Vendor popup closed successfully
[2025-08-26 23:19:00] INFO  Baseclass:113 - Hovered on pointOfSale successfully
[2025-08-26 23:22:10] INFO  Baseclass:59 - Chrome browser opened successfully
[2025-08-26 23:22:10] INFO  Baseclass:76 - Browser window maximized successfully
[2025-08-26 23:22:18] INFO  Baseclass:82 - Website is running on https://demo-gcd.omnna.live/index.php
[2025-08-26 23:22:18] INFO  Baseclass:89 - Entered username is: admin
[2025-08-26 23:22:18] INFO  Baseclass:99 - Login completed
[2025-08-26 23:22:27] INFO  Baseclass:34 - Hovered on productManagement hovered successfully
[2025-08-26 23:22:27] INFO  Baseclass:37 - Hovered on product successfully
[2025-08-26 23:22:29] INFO  Baseclass:40 - Clicked on product successfully
[2025-08-26 23:22:29] INFO  Baseclass:44 - Product number entered is:479759776145
[2025-08-26 23:22:30] INFO  Baseclass:48 - M1 entered is:787600568883
[2025-08-26 23:22:30] INFO  Baseclass:52 - CurrentCost entered is:179273620191
[2025-08-26 23:22:34] INFO  Baseclass:55 - Clicked on saveProduct successfully
[2025-08-26 23:22:34] INFO  Baseclass:58 - Hovered on equipmentManagement successfully
[2025-08-26 23:22:35] INFO  Baseclass:61 - Hovered on equipment successfully
[2025-08-26 23:22:36] INFO  Baseclass:64 - Clicked on createEquipment successfully
[2025-08-26 23:22:37] INFO  Baseclass:71 - Product family selected is: 104
[2025-08-26 23:22:37] INFO  Baseclass:75 - year selected is: 67
[2025-08-26 23:22:37] INFO  Baseclass:79 - Make selected is: 55
[2025-08-26 23:22:37] INFO  Baseclass:83 - Model selected is: 106
[2025-08-26 23:22:37] INFO  Baseclass:87 - Model popup closed successfully
[2025-08-26 23:22:37] INFO  Baseclass:94 - Availability Status selected is: 8
[2025-08-26 23:22:37] INFO  Baseclass:98 - Serial number entered is: 513754806798
[2025-08-26 23:22:37] INFO  Baseclass:102 - Equipment cost entered successfully
[2025-08-26 23:22:37] INFO  Baseclass:105 - Clicked on equipment save successfully
[2025-08-26 23:22:38] INFO  Baseclass:108 - Vendor popup closed successfully
[2025-08-26 23:22:38] INFO  Baseclass:115 - Hovered on pointOfSale successfully
[2025-08-26 23:22:39] INFO  Baseclass:118 - Hovered on salesOrdersClick successfully
[2025-08-26 23:22:44] INFO  Baseclass:121 - Clicked on createNewSales successfully
[2025-08-26 23:23:00] INFO  Baseclass:124 - Account name entered is: SPD
[2025-08-26 23:23:00] INFO  Baseclass:128 - Account name selected successfully
[2025-08-26 23:23:01] INFO  Baseclass:131 - Product number entered is: 479759776145
[2025-08-26 23:24:11] INFO  Baseclass:59 - Chrome browser opened successfully
[2025-08-26 23:24:11] INFO  Baseclass:76 - Browser window maximized successfully
[2025-08-26 23:24:15] INFO  Baseclass:82 - Website is running on https://demo-gcd.omnna.live/index.php
[2025-08-26 23:24:15] INFO  Baseclass:89 - Entered username is: admin
[2025-08-26 23:24:15] INFO  Baseclass:99 - Login completed
[2025-08-26 23:24:22] INFO  Baseclass:34 - Hovered on productManagement hovered successfully
[2025-08-26 23:24:22] INFO  Baseclass:37 - Hovered on product successfully
[2025-08-26 23:24:24] INFO  Baseclass:40 - Clicked on product successfully
[2025-08-26 23:24:24] INFO  Baseclass:44 - Product number entered is:054407044508
[2025-08-26 23:24:25] INFO  Baseclass:48 - M1 entered is:228599581437
[2025-08-26 23:24:25] INFO  Baseclass:52 - CurrentCost entered is:292504984578
[2025-08-26 23:24:28] INFO  Baseclass:55 - Clicked on saveProduct successfully
[2025-08-26 23:24:29] INFO  Baseclass:58 - Hovered on equipmentManagement successfully
[2025-08-26 23:24:29] INFO  Baseclass:61 - Hovered on equipment successfully
[2025-08-26 23:24:31] INFO  Baseclass:64 - Clicked on createEquipment successfully
[2025-08-26 23:24:31] INFO  Baseclass:71 - Product family selected is: 104
[2025-08-26 23:24:31] INFO  Baseclass:75 - year selected is: 67
[2025-08-26 23:24:32] INFO  Baseclass:79 - Make selected is: 55
[2025-08-26 23:24:32] INFO  Baseclass:83 - Model selected is: 106
[2025-08-26 23:24:32] INFO  Baseclass:87 - Model popup closed successfully
[2025-08-26 23:24:32] INFO  Baseclass:94 - Availability Status selected is: 8
[2025-08-26 23:24:32] INFO  Baseclass:98 - Serial number entered is: 139316806830
[2025-08-26 23:24:32] INFO  Baseclass:102 - Equipment cost entered successfully
[2025-08-26 23:24:32] INFO  Baseclass:105 - Clicked on equipment save successfully
[2025-08-26 23:24:33] INFO  Baseclass:108 - Vendor popup closed successfully
[2025-08-26 23:24:33] INFO  Baseclass:111 - Clicked on pushToQB successfully
[2025-08-26 23:24:37] INFO  Baseclass:116 - Hovered on pointOfSale successfully
[2025-08-26 23:24:37] INFO  Baseclass:119 - Hovered on salesOrdersClick successfully
[2025-08-26 23:24:40] INFO  Baseclass:122 - Clicked on createNewSales successfully
[2025-08-26 23:24:40] INFO  Baseclass:125 - Account name entered is: SPD
[2025-08-26 23:24:40] INFO  Baseclass:129 - Account name selected successfully
[2025-08-26 23:24:40] INFO  Baseclass:132 - Product number entered is: 054407044508
[2025-08-28 22:12:38] INFO  Baseclass:59 - Chrome browser opened successfully
[2025-08-28 22:12:38] INFO  Baseclass:76 - Browser window maximized successfully
[2025-08-28 22:12:47] INFO  Baseclass:82 - Website is running on https://demo-gcd.omnna.live/index.php
[2025-08-28 22:12:47] INFO  Baseclass:89 - Entered username is: admin
[2025-08-28 22:12:55] INFO  Baseclass:99 - Login completed
[2025-08-28 22:12:55] INFO  Baseclass:34 - Hovered on productManagement hovered successfully
[2025-08-28 22:12:55] INFO  Baseclass:37 - Hovered on product successfully
[2025-08-28 22:12:58] INFO  Baseclass:40 - Clicked on product successfully
[2025-08-28 22:12:58] INFO  Baseclass:44 - Product number entered is:639297689282
[2025-08-28 22:12:58] INFO  Baseclass:48 - M1 entered is:170232400463
[2025-08-28 22:12:58] INFO  Baseclass:52 - CurrentCost entered is:443492454457
[2025-08-28 22:13:02] INFO  Baseclass:55 - Clicked on saveProduct successfully
[2025-08-28 22:13:02] INFO  Baseclass:58 - Hovered on equipmentManagement successfully
[2025-08-28 22:13:02] INFO  Baseclass:61 - Hovered on equipment successfully
[2025-08-28 22:13:05] INFO  Baseclass:64 - Clicked on createEquipment successfully
[2025-08-28 22:13:05] INFO  Baseclass:71 - Product family selected is: 104
[2025-08-28 22:13:05] INFO  Baseclass:75 - year selected is: 67
[2025-08-28 22:13:06] INFO  Baseclass:79 - Make selected is: 55
[2025-08-28 22:13:06] INFO  Baseclass:83 - Model selected is: 106
[2025-08-28 22:13:06] INFO  Baseclass:87 - Model popup closed successfully
[2025-08-28 22:13:06] INFO  Baseclass:94 - Availability Status selected is: 8
[2025-08-28 22:13:06] INFO  Baseclass:98 - Serial number entered is: 564490321224
[2025-08-28 22:13:06] INFO  Baseclass:102 - Equipment cost entered successfully
[2025-08-28 22:13:06] INFO  Baseclass:105 - Clicked on equipment save successfully
[2025-08-28 22:13:07] INFO  Baseclass:108 - Vendor popup closed successfully
[2025-08-28 22:13:07] INFO  Baseclass:111 - Clicked on pushToQB successfully
[2025-08-28 22:13:11] INFO  Baseclass:116 - Hovered on pointOfSale successfully
[2025-08-28 22:13:12] INFO  Baseclass:119 - Hovered on salesOrdersClick successfully
[2025-08-28 22:13:18] INFO  Baseclass:122 - Clicked on createNewSales successfully
[2025-08-28 22:13:18] INFO  Baseclass:125 - Account name entered is: SPD
[2025-08-28 22:13:18] INFO  Baseclass:129 - Account name selected successfully
[2025-08-28 22:13:18] INFO  Baseclass:132 - Product number entered is: 639297689282
[2025-08-28 22:39:09] INFO  Baseclass:59 - Chrome browser opened successfully
[2025-08-28 22:39:09] INFO  Baseclass:76 - Browser window maximized successfully
[2025-08-28 22:39:16] INFO  Baseclass:82 - Website is running on https://demo-gcd.omnna.live/index.php
[2025-08-28 22:39:16] INFO  Baseclass:89 - Entered username is: admin
[2025-08-28 22:39:16] INFO  Baseclass:99 - Login completed
[2025-08-28 22:39:20] INFO  Baseclass:34 - Hovered on productManagement hovered successfully
[2025-08-28 22:39:20] INFO  Baseclass:37 - Hovered on product successfully
[2025-08-28 22:39:23] INFO  Baseclass:40 - Clicked on product successfully
[2025-08-28 22:39:23] INFO  Baseclass:44 - Product number entered is:786211926158
[2025-08-28 22:39:23] INFO  Baseclass:48 - M1 entered is:280942495545
[2025-08-28 22:39:24] INFO  Baseclass:52 - CurrentCost entered is:801339979494
[2025-08-28 22:39:29] INFO  Baseclass:55 - Clicked on saveProduct successfully
[2025-08-28 22:39:29] INFO  Baseclass:58 - Hovered on equipmentManagement successfully
[2025-08-28 22:39:29] INFO  Baseclass:61 - Hovered on equipment successfully
[2025-08-28 22:39:31] INFO  Baseclass:64 - Clicked on createEquipment successfully
[2025-08-28 22:39:31] INFO  Baseclass:71 - Product family selected is: 104
[2025-08-28 22:39:31] INFO  Baseclass:75 - year selected is: 67
[2025-08-28 22:39:32] INFO  Baseclass:79 - Make selected is: 55
[2025-08-28 22:39:32] INFO  Baseclass:83 - Model selected is: 106
[2025-08-28 22:39:32] INFO  Baseclass:87 - Model popup closed successfully
[2025-08-28 22:39:33] INFO  Baseclass:94 - Availability Status selected is: 8
[2025-08-28 22:39:33] INFO  Baseclass:98 - Serial number entered is: 633391152162
[2025-08-28 22:39:33] INFO  Baseclass:102 - Equipment cost entered successfully
[2025-08-28 22:39:33] INFO  Baseclass:105 - Clicked on equipment save successfully
[2025-08-28 22:39:33] INFO  Baseclass:108 - Vendor popup closed successfully
[2025-08-28 22:39:34] INFO  Baseclass:111 - Clicked on pushToQB successfully
[2025-08-28 22:39:38] INFO  Baseclass:116 - Hovered on pointOfSale successfully
[2025-08-28 22:39:38] INFO  Baseclass:119 - Hovered on salesOrdersClick successfully
[2025-08-28 22:39:41] INFO  Baseclass:122 - Clicked on createNewSales successfully
[2025-08-28 22:39:41] INFO  Baseclass:125 - Account name entered is: SPD
[2025-08-28 22:39:41] INFO  Baseclass:129 - Account name selected successfully
[2025-08-28 22:39:41] INFO  Baseclass:132 - Product number entered is: 786211926158
[2025-08-28 22:52:20] INFO  Baseclass:59 - Chrome browser opened successfully
[2025-08-28 22:52:20] INFO  Baseclass:76 - Browser window maximized successfully
[2025-08-28 22:52:36] INFO  Baseclass:82 - Website is running on https://demo-gcd.omnna.live/index.php
[2025-08-28 22:52:36] INFO  Baseclass:89 - Entered username is: admin
[2025-08-28 22:52:40] INFO  Baseclass:99 - Login completed
[2025-08-28 22:52:40] INFO  Baseclass:34 - Hovered on productManagement hovered successfully
[2025-08-28 22:52:40] INFO  Baseclass:37 - Hovered on product successfully
[2025-08-28 22:52:43] INFO  Baseclass:40 - Clicked on product successfully
[2025-08-28 22:52:43] INFO  Baseclass:44 - Product number entered is:405362429301
[2025-08-28 22:52:43] INFO  Baseclass:48 - M1 entered is:676240883028
[2025-08-28 22:52:43] INFO  Baseclass:52 - CurrentCost entered is:822668676280
[2025-08-28 22:52:47] INFO  Baseclass:55 - Clicked on saveProduct successfully
[2025-08-28 22:52:48] INFO  Baseclass:58 - Hovered on equipmentManagement successfully
[2025-08-28 22:52:48] INFO  Baseclass:61 - Hovered on equipment successfully
[2025-08-28 22:52:50] INFO  Baseclass:64 - Clicked on createEquipment successfully
[2025-08-28 22:52:50] INFO  Baseclass:71 - Product family selected is: 104
[2025-08-28 22:52:50] INFO  Baseclass:75 - year selected is: 67
[2025-08-28 22:52:51] INFO  Baseclass:79 - Make selected is: 55
[2025-08-28 22:52:51] INFO  Baseclass:83 - Model selected is: 106
[2025-08-28 22:52:51] INFO  Baseclass:87 - Model popup closed successfully
[2025-08-28 22:52:51] INFO  Baseclass:94 - Availability Status selected is: 8
[2025-08-28 22:52:51] INFO  Baseclass:98 - Serial number entered is: 542214192215
[2025-08-28 22:52:51] INFO  Baseclass:102 - Equipment cost entered successfully
[2025-08-28 22:52:51] INFO  Baseclass:105 - Clicked on equipment save successfully
[2025-08-28 22:52:52] INFO  Baseclass:108 - Vendor popup closed successfully
[2025-08-28 22:52:52] INFO  Baseclass:111 - Clicked on pushToQB successfully
[2025-08-28 22:52:58] INFO  Baseclass:116 - Hovered on pointOfSale successfully
[2025-08-28 22:52:58] INFO  Baseclass:119 - Hovered on salesOrdersClick successfully
[2025-08-28 22:53:03] INFO  Baseclass:122 - Clicked on createNewSales successfully
[2025-08-28 22:53:03] INFO  Baseclass:125 - Account name entered is: SPD
[2025-08-28 22:53:03] INFO  Baseclass:129 - Account name selected successfully
[2025-08-28 22:53:03] INFO  Baseclass:132 - Product number entered is: 405362429301
[2025-08-28 22:59:16] INFO  Baseclass:59 - Chrome browser opened successfully
[2025-08-28 22:59:16] INFO  Baseclass:76 - Browser window maximized successfully
[2025-08-28 22:59:25] INFO  Baseclass:82 - Website is running on https://demo-gcd.omnna.live/index.php
[2025-08-28 22:59:25] INFO  Baseclass:89 - Entered username is: admin
[2025-08-28 22:59:25] INFO  Baseclass:99 - Login completed
[2025-08-28 22:59:29] INFO  Baseclass:34 - Hovered on productManagement hovered successfully
[2025-08-28 22:59:30] INFO  Baseclass:37 - Hovered on product successfully
[2025-08-28 22:59:32] INFO  Baseclass:40 - Clicked on product successfully
[2025-08-28 22:59:32] INFO  Baseclass:44 - Product number entered is:673227583629
[2025-08-28 22:59:32] INFO  Baseclass:48 - M1 entered is:162140219921
[2025-08-28 22:59:32] INFO  Baseclass:52 - CurrentCost entered is:248887919597
[2025-08-28 22:59:36] INFO  Baseclass:55 - Clicked on saveProduct successfully
[2025-08-28 22:59:36] INFO  Baseclass:58 - Hovered on equipmentManagement successfully
[2025-08-28 22:59:36] INFO  Baseclass:61 - Hovered on equipment successfully
[2025-08-28 22:59:40] INFO  Baseclass:64 - Clicked on createEquipment successfully
[2025-08-28 22:59:41] INFO  Baseclass:71 - Product family selected is: 104
[2025-08-28 22:59:41] INFO  Baseclass:75 - year selected is: 67
[2025-08-28 22:59:42] INFO  Baseclass:79 - Make selected is: 55
[2025-08-28 22:59:42] INFO  Baseclass:83 - Model selected is: 106
[2025-08-28 22:59:43] INFO  Baseclass:87 - Model popup closed successfully
[2025-08-28 22:59:43] INFO  Baseclass:94 - Availability Status selected is: 8
[2025-08-28 22:59:43] INFO  Baseclass:98 - Serial number entered is: 034021409289
[2025-08-28 22:59:43] INFO  Baseclass:102 - Equipment cost entered successfully
[2025-08-28 22:59:43] INFO  Baseclass:105 - Clicked on equipment save successfully
[2025-08-28 22:59:44] INFO  Baseclass:108 - Vendor popup closed successfully
[2025-08-28 22:59:45] INFO  Baseclass:111 - Clicked on pushToQB successfully
[2025-08-28 22:59:47] INFO  Baseclass:116 - Hovered on pointOfSale successfully
[2025-08-28 22:59:47] INFO  Baseclass:119 - Hovered on salesOrdersClick successfully
[2025-08-28 23:00:04] INFO  Baseclass:122 - Clicked on createNewSales successfully
[2025-08-28 23:00:35] INFO  Baseclass:126 - Account name entered is: SPD
[2025-08-28 23:00:35] INFO  Baseclass:130 - Account name selected successfully
[2025-08-28 23:00:35] INFO  Baseclass:133 - Product number entered is: 673227583629
[2025-08-28 23:02:11] INFO  Baseclass:59 - Chrome browser opened successfully
[2025-08-28 23:02:11] INFO  Baseclass:76 - Browser window maximized successfully
[2025-08-28 23:02:15] INFO  Baseclass:82 - Website is running on https://demo-gcd.omnna.live/index.php
[2025-08-28 23:02:15] INFO  Baseclass:89 - Entered username is: admin
[2025-08-28 23:02:15] INFO  Baseclass:99 - Login completed
[2025-08-28 23:02:19] INFO  Baseclass:34 - Hovered on productManagement hovered successfully
[2025-08-28 23:02:20] INFO  Baseclass:37 - Hovered on product successfully
[2025-08-28 23:02:23] INFO  Baseclass:40 - Clicked on product successfully
[2025-08-28 23:02:23] INFO  Baseclass:44 - Product number entered is:416258821394
[2025-08-28 23:02:23] INFO  Baseclass:48 - M1 entered is:093890867278
[2025-08-28 23:02:23] INFO  Baseclass:52 - CurrentCost entered is:163988679961
[2025-08-28 23:02:28] INFO  Baseclass:55 - Clicked on saveProduct successfully
[2025-08-28 23:02:28] INFO  Baseclass:58 - Hovered on equipmentManagement successfully
[2025-08-28 23:02:29] INFO  Baseclass:61 - Hovered on equipment successfully
[2025-08-28 23:02:30] INFO  Baseclass:64 - Clicked on createEquipment successfully
[2025-08-28 23:02:31] INFO  Baseclass:71 - Product family selected is: 104
[2025-08-28 23:02:31] INFO  Baseclass:75 - year selected is: 67
[2025-08-28 23:02:32] INFO  Baseclass:79 - Make selected is: 55
[2025-08-28 23:02:33] INFO  Baseclass:83 - Model selected is: 106
[2025-08-28 23:02:33] INFO  Baseclass:87 - Model popup closed successfully
[2025-08-28 23:02:33] INFO  Baseclass:94 - Availability Status selected is: 8
[2025-08-28 23:02:33] INFO  Baseclass:98 - Serial number entered is: 147781389852
[2025-08-28 23:02:33] INFO  Baseclass:102 - Equipment cost entered successfully
[2025-08-28 23:02:33] INFO  Baseclass:105 - Clicked on equipment save successfully
[2025-08-28 23:02:34] INFO  Baseclass:108 - Vendor popup closed successfully
[2025-08-28 23:02:35] INFO  Baseclass:111 - Clicked on pushToQB successfully
[2025-08-28 23:02:39] INFO  Baseclass:116 - Hovered on pointOfSale successfully
[2025-08-28 23:02:39] INFO  Baseclass:119 - Hovered on salesOrdersClick successfully
[2025-08-28 23:02:42] INFO  Baseclass:122 - Clicked on createNewSales successfully
[2025-08-28 23:02:42] INFO  Baseclass:126 - Account name entered is: SPD
[2025-08-28 23:02:42] INFO  Baseclass:130 - Account name selected successfully
[2025-08-28 23:03:17] INFO  Baseclass:59 - Chrome browser opened successfully
[2025-08-28 23:03:17] INFO  Baseclass:76 - Browser window maximized successfully
[2025-08-28 23:03:24] INFO  Baseclass:82 - Website is running on https://demo-gcd.omnna.live/index.php
[2025-08-28 23:03:24] INFO  Baseclass:89 - Entered username is: admin
[2025-08-28 23:03:24] INFO  Baseclass:99 - Login completed
[2025-08-28 23:03:30] INFO  Baseclass:34 - Hovered on productManagement hovered successfully
[2025-08-28 23:03:30] INFO  Baseclass:37 - Hovered on product successfully
[2025-08-28 23:03:32] INFO  Baseclass:40 - Clicked on product successfully
[2025-08-28 23:03:33] INFO  Baseclass:44 - Product number entered is:707601286870
[2025-08-28 23:03:34] INFO  Baseclass:48 - M1 entered is:701375675657
[2025-08-28 23:03:35] INFO  Baseclass:52 - CurrentCost entered is:005093205582
[2025-08-28 23:03:41] INFO  Baseclass:55 - Clicked on saveProduct successfully
[2025-08-28 23:03:41] INFO  Baseclass:58 - Hovered on equipmentManagement successfully
[2025-08-28 23:03:41] INFO  Baseclass:61 - Hovered on equipment successfully
[2025-08-28 23:03:44] INFO  Baseclass:64 - Clicked on createEquipment successfully
[2025-08-28 23:03:45] INFO  Baseclass:71 - Product family selected is: 104
[2025-08-28 23:03:45] INFO  Baseclass:75 - year selected is: 67
[2025-08-28 23:03:46] INFO  Baseclass:79 - Make selected is: 55
[2025-08-28 23:03:46] INFO  Baseclass:83 - Model selected is: 106
[2025-08-28 23:03:46] INFO  Baseclass:87 - Model popup closed successfully
[2025-08-28 23:03:46] INFO  Baseclass:94 - Availability Status selected is: 8
[2025-08-28 23:03:47] INFO  Baseclass:98 - Serial number entered is: 908752846443
[2025-08-28 23:03:47] INFO  Baseclass:102 - Equipment cost entered successfully
[2025-08-28 23:03:47] INFO  Baseclass:105 - Clicked on equipment save successfully
[2025-08-28 23:03:47] INFO  Baseclass:108 - Vendor popup closed successfully
[2025-08-28 23:03:48] INFO  Baseclass:111 - Clicked on pushToQB successfully
[2025-08-28 23:03:51] INFO  Baseclass:116 - Hovered on pointOfSale successfully
[2025-08-28 23:03:52] INFO  Baseclass:119 - Hovered on salesOrdersClick successfully
[2025-08-28 23:03:55] INFO  Baseclass:122 - Clicked on createNewSales successfully
[2025-08-28 23:03:55] INFO  Baseclass:126 - Account name entered is: SPD
[2025-08-28 23:04:00] INFO  Baseclass:131 - Account name selected successfully
[2025-08-28 23:04:26] INFO  Baseclass:59 - Chrome browser opened successfully
[2025-08-28 23:04:26] INFO  Baseclass:76 - Browser window maximized successfully
[2025-08-28 23:04:32] INFO  Baseclass:82 - Website is running on https://demo-gcd.omnna.live/index.php
[2025-08-28 23:04:32] INFO  Baseclass:89 - Entered username is: admin
[2025-08-28 23:04:33] INFO  Baseclass:99 - Login completed
[2025-08-28 23:04:37] INFO  Baseclass:34 - Hovered on productManagement hovered successfully
[2025-08-28 23:04:37] INFO  Baseclass:37 - Hovered on product successfully
[2025-08-28 23:04:39] INFO  Baseclass:40 - Clicked on product successfully
[2025-08-28 23:04:39] INFO  Baseclass:44 - Product number entered is:762526674828
[2025-08-28 23:04:39] INFO  Baseclass:48 - M1 entered is:021300508238
[2025-08-28 23:04:40] INFO  Baseclass:52 - CurrentCost entered is:150761095065
[2025-08-28 23:04:44] INFO  Baseclass:55 - Clicked on saveProduct successfully
[2025-08-28 23:04:44] INFO  Baseclass:58 - Hovered on equipmentManagement successfully
[2025-08-28 23:04:45] INFO  Baseclass:61 - Hovered on equipment successfully
[2025-08-28 23:04:48] INFO  Baseclass:64 - Clicked on createEquipment successfully
[2025-08-28 23:04:49] INFO  Baseclass:71 - Product family selected is: 104
[2025-08-28 23:04:49] INFO  Baseclass:75 - year selected is: 67
[2025-08-28 23:04:50] INFO  Baseclass:79 - Make selected is: 55
[2025-08-28 23:04:50] INFO  Baseclass:83 - Model selected is: 106
[2025-08-28 23:04:51] INFO  Baseclass:87 - Model popup closed successfully
[2025-08-28 23:04:51] INFO  Baseclass:94 - Availability Status selected is: 8
[2025-08-28 23:04:51] INFO  Baseclass:98 - Serial number entered is: 688990185145
[2025-08-28 23:04:51] INFO  Baseclass:102 - Equipment cost entered successfully
[2025-08-28 23:04:51] INFO  Baseclass:105 - Clicked on equipment save successfully
[2025-08-28 23:04:52] INFO  Baseclass:108 - Vendor popup closed successfully
[2025-08-28 23:04:53] INFO  Baseclass:111 - Clicked on pushToQB successfully
[2025-08-28 23:04:58] INFO  Baseclass:116 - Hovered on pointOfSale successfully
[2025-08-28 23:04:58] INFO  Baseclass:119 - Hovered on salesOrdersClick successfully
[2025-08-28 23:05:05] INFO  Baseclass:122 - Clicked on createNewSales successfully
[2025-08-28 23:05:05] INFO  Baseclass:126 - Account name entered is: SPD
[2025-08-28 23:05:11] INFO  Baseclass:131 - Account name selected successfully
[2025-08-28 23:05:11] INFO  Baseclass:134 - Product number entered is: 762526674828
[2025-08-28 23:05:14] INFO  Baseclass:138 - Product number selected successfully
[2025-08-28 23:05:14] INFO  Baseclass:143 - Equipment number entered is: 688990185145
[2025-08-28 23:05:14] INFO  Baseclass:146 - Equipment price entered successfully0.00
[2025-08-28 23:08:56] INFO  Baseclass:59 - Chrome browser opened successfully
[2025-08-28 23:08:56] INFO  Baseclass:76 - Browser window maximized successfully
[2025-08-28 23:09:00] INFO  Baseclass:82 - Website is running on https://demo-gcd.omnna.live/index.php
[2025-08-28 23:09:01] INFO  Baseclass:89 - Entered username is: admin
[2025-08-28 23:09:09] INFO  Baseclass:99 - Login completed
[2025-08-28 23:09:09] INFO  Baseclass:34 - Hovered on productManagement hovered successfully
[2025-08-28 23:09:09] INFO  Baseclass:37 - Hovered on product successfully
[2025-08-28 23:09:11] INFO  Baseclass:40 - Clicked on product successfully
[2025-08-28 23:09:11] INFO  Baseclass:44 - Product number entered is:626832070609
[2025-08-28 23:09:50] INFO  Baseclass:59 - Chrome browser opened successfully
[2025-08-28 23:09:50] INFO  Baseclass:76 - Browser window maximized successfully
[2025-08-28 23:09:53] INFO  Baseclass:82 - Website is running on https://demo-gcd.omnna.live/index.php
[2025-08-28 23:09:53] INFO  Baseclass:89 - Entered username is: admin
[2025-08-28 23:09:54] INFO  Baseclass:99 - Login completed
[2025-08-28 23:10:21] INFO  Utils:112 - [Utils] MethodGroupsHelper.collectMethodsByGroup() took 0 ms.
[2025-08-28 23:10:21] INFO  Utils:112 - [Utils] MethodGroupsHelper.sortMethods() took 1 ms.
[2025-08-28 23:10:21] INFO  Utils:112 - [Utils] MethodGroupsHelper.collectMethodsByGroup() took 0 ms.
[2025-08-28 23:10:21] INFO  Utils:112 - [Utils] MethodGroupsHelper.sortMethods() took 0 ms.
[2025-08-28 23:10:21] INFO  Utils:112 - [Utils] MethodGroupsHelper.collectMethodsByGroup() took 9 ms.
[2025-08-28 23:10:21] INFO  Utils:112 - [Utils] MethodGroupsHelper.sortMethods() took 8 ms.
[2025-08-28 23:10:21] INFO  Utils:112 - [Utils] MethodGroupsHelper.collectMethodsByGroup() took 0 ms.
[2025-08-28 23:10:21] INFO  Utils:112 - [Utils] MethodGroupsHelper.sortMethods() took 0 ms.
[2025-08-28 23:10:21] INFO  Utils:112 - [Utils] MethodGroupsHelper.collectMethodsByGroup() took 0 ms.
[2025-08-28 23:10:21] INFO  Utils:112 - [Utils] MethodGroupsHelper.sortMethods() took 0 ms.
[2025-08-28 23:10:21] INFO  Utils:112 - [Utils] MethodGroupsHelper.collectMethodsByGroup() took 0 ms.
[2025-08-28 23:10:21] INFO  Utils:112 - [Utils] MethodGroupsHelper.sortMethods() took 0 ms.
[2025-08-28 23:10:21] INFO  Utils:112 - [Utils] MethodGroupsHelper.collectMethodsByGroup() took 0 ms.
[2025-08-28 23:10:21] INFO  Utils:112 - [Utils] MethodGroupsHelper.sortMethods() took 0 ms.
[2025-08-28 23:10:21] INFO  Utils:112 - [Utils] MethodGroupsHelper.collectMethodsByGroup() took 0 ms.
[2025-08-28 23:10:21] INFO  Utils:112 - [Utils] MethodGroupsHelper.sortMethods() took 0 ms.
[2025-08-28 23:10:21] INFO  Utils:112 - [Utils] MethodGroupsHelper.collectMethodsByGroup() took 0 ms.
[2025-08-28 23:10:21] INFO  Utils:112 - [Utils] MethodGroupsHelper.sortMethods() took 0 ms.
[2025-08-28 23:10:21] INFO  Utils:112 - [Utils] MethodGroupsHelper.collectMethodsByGroup() took 0 ms.
[2025-08-28 23:10:21] INFO  Utils:112 - [Utils] MethodGroupsHelper.sortMethods() took 0 ms.
[2025-08-28 23:10:21] INFO  Utils:112 - [Utils] MethodGroupsHelper.collectMethodsByGroup() took 0 ms.
[2025-08-28 23:10:21] INFO  Utils:112 - [Utils] MethodGroupsHelper.sortMethods() took 0 ms.
[2025-08-28 23:10:21] INFO  Utils:112 - [Utils] MethodGroupsHelper.collectMethodsByGroup() took 1 ms.
[2025-08-28 23:10:21] INFO  Utils:112 - [Utils] MethodGroupsHelper.sortMethods() took 1 ms.
[2025-08-28 23:10:21] INFO  Utils:112 - [Utils] MethodGroupsHelper.collectMethodsByGroup() took 0 ms.
[2025-08-28 23:10:21] INFO  Utils:112 - [Utils] MethodGroupsHelper.sortMethods() took 0 ms.
[2025-08-28 23:10:21] INFO  Utils:112 - [Utils] MethodGroupsHelper.collectMethodsByGroup() took 0 ms.
[2025-08-28 23:10:21] INFO  Utils:112 - [Utils] MethodGroupsHelper.sortMethods() took 1 ms.
[2025-08-28 23:10:21] INFO  Utils:112 - [Utils] MethodGroupsHelper.collectMethodsByGroup() took 0 ms.
[2025-08-28 23:10:21] INFO  Utils:112 - [Utils] MethodGroupsHelper.sortMethods() took 0 ms.
[2025-08-28 23:10:21] INFO  Utils:112 - [TestNG] Running:
  C:\Users\ShyamPandey\AppData\Local\Temp\testng-eclipse--1692347458\testng-customsuite.xml

[2025-08-28 23:10:21] INFO  Utils:112 - [Utils] DynamicGraphHelper.createDynamicGraph() took 2 ms.
[2025-08-28 23:10:22] INFO  Baseclass:59 - Chrome browser opened successfully
[2025-08-28 23:10:22] INFO  Baseclass:76 - Browser window maximized successfully
[2025-08-28 23:10:26] INFO  Baseclass:82 - Website is running on https://demo-gcd.omnna.live/index.php
[2025-08-28 23:10:26] INFO  Baseclass:89 - Entered username is: admin
[2025-08-28 23:10:26] INFO  Baseclass:99 - Login completed
[2025-08-28 23:10:52] INFO  Utils:112 - [Utils] MethodGroupsHelper.collectMethodsByGroup() took 0 ms.
[2025-08-28 23:10:52] INFO  Utils:112 - [Utils] MethodGroupsHelper.sortMethods() took 2 ms.
[2025-08-28 23:10:52] INFO  Utils:112 - [Utils] MethodGroupsHelper.collectMethodsByGroup() took 0 ms.
[2025-08-28 23:10:52] INFO  Utils:112 - [Utils] MethodGroupsHelper.sortMethods() took 0 ms.
[2025-08-28 23:10:52] INFO  Utils:112 - [Utils] MethodGroupsHelper.collectMethodsByGroup() took 2 ms.
[2025-08-28 23:10:52] INFO  Utils:112 - [Utils] MethodGroupsHelper.sortMethods() took 7 ms.
[2025-08-28 23:10:52] INFO  Utils:112 - [Utils] MethodGroupsHelper.collectMethodsByGroup() took 1 ms.
[2025-08-28 23:10:52] INFO  Utils:112 - [Utils] MethodGroupsHelper.sortMethods() took 0 ms.
[2025-08-28 23:10:52] INFO  Utils:112 - [Utils] MethodGroupsHelper.collectMethodsByGroup() took 0 ms.
[2025-08-28 23:10:52] INFO  Utils:112 - [Utils] MethodGroupsHelper.sortMethods() took 0 ms.
[2025-08-28 23:10:52] INFO  Utils:112 - [Utils] MethodGroupsHelper.collectMethodsByGroup() took 0 ms.
[2025-08-28 23:10:52] INFO  Utils:112 - [Utils] MethodGroupsHelper.sortMethods() took 0 ms.
[2025-08-28 23:10:52] INFO  Utils:112 - [Utils] MethodGroupsHelper.collectMethodsByGroup() took 0 ms.
[2025-08-28 23:10:52] INFO  Utils:112 - [Utils] MethodGroupsHelper.sortMethods() took 0 ms.
[2025-08-28 23:10:52] INFO  Utils:112 - [Utils] MethodGroupsHelper.collectMethodsByGroup() took 0 ms.
[2025-08-28 23:10:52] INFO  Utils:112 - [Utils] MethodGroupsHelper.sortMethods() took 0 ms.
[2025-08-28 23:10:52] INFO  Utils:112 - [Utils] MethodGroupsHelper.collectMethodsByGroup() took 0 ms.
[2025-08-28 23:10:52] INFO  Utils:112 - [Utils] MethodGroupsHelper.sortMethods() took 0 ms.
[2025-08-28 23:10:52] INFO  Utils:112 - [Utils] MethodGroupsHelper.collectMethodsByGroup() took 0 ms.
[2025-08-28 23:10:52] INFO  Utils:112 - [Utils] MethodGroupsHelper.sortMethods() took 0 ms.
[2025-08-28 23:10:52] INFO  Utils:112 - [Utils] MethodGroupsHelper.collectMethodsByGroup() took 0 ms.
[2025-08-28 23:10:52] INFO  Utils:112 - [Utils] MethodGroupsHelper.sortMethods() took 0 ms.
[2025-08-28 23:10:52] INFO  Utils:112 - [Utils] MethodGroupsHelper.collectMethodsByGroup() took 3 ms.
[2025-08-28 23:10:52] INFO  Utils:112 - [Utils] MethodGroupsHelper.sortMethods() took 0 ms.
[2025-08-28 23:10:52] INFO  Utils:112 - [Utils] MethodGroupsHelper.collectMethodsByGroup() took 0 ms.
[2025-08-28 23:10:52] INFO  Utils:112 - [Utils] MethodGroupsHelper.sortMethods() took 0 ms.
[2025-08-28 23:10:52] INFO  Utils:112 - [Utils] MethodGroupsHelper.collectMethodsByGroup() took 0 ms.
[2025-08-28 23:10:52] INFO  Utils:112 - [Utils] MethodGroupsHelper.sortMethods() took 1 ms.
[2025-08-28 23:10:52] INFO  Utils:112 - [Utils] MethodGroupsHelper.collectMethodsByGroup() took 0 ms.
[2025-08-28 23:10:52] INFO  Utils:112 - [Utils] MethodGroupsHelper.sortMethods() took 0 ms.
[2025-08-28 23:10:52] INFO  Utils:112 - [TestNG] Running:
  C:\Users\ShyamPandey\AppData\Local\Temp\testng-eclipse--229116743\testng-customsuite.xml

[2025-08-28 23:10:52] INFO  Utils:112 - [Utils] DynamicGraphHelper.createDynamicGraph() took 3 ms.
[2025-08-28 23:10:53] INFO  Baseclass:59 - Chrome browser opened successfully
[2025-08-28 23:10:53] INFO  Baseclass:76 - Browser window maximized successfully
[2025-08-28 23:10:57] INFO  Baseclass:82 - Website is running on https://demo-gcd.omnna.live/index.php
[2025-08-28 23:11:14] INFO  Baseclass:59 - Chrome browser opened successfully
[2025-08-28 23:11:14] INFO  Baseclass:76 - Browser window maximized successfully
[2025-08-28 23:11:19] INFO  Baseclass:82 - Website is running on https://demo-gcd.omnna.live/index.php
[2025-08-28 23:11:19] INFO  Baseclass:89 - Entered username is: admin
[2025-08-28 23:11:19] INFO  Baseclass:99 - Login completed
[2025-08-28 23:11:42] INFO  Baseclass:34 - Hovered on productManagement hovered successfully
[2025-08-28 23:11:47] INFO  Baseclass:37 - Hovered on product successfully
[2025-08-28 23:11:50] INFO  Baseclass:40 - Clicked on product successfully
[2025-08-28 23:11:50] INFO  Baseclass:44 - Product number entered is:900420309147
[2025-08-28 23:11:50] INFO  Baseclass:48 - M1 entered is:038353196232
[2025-08-28 23:11:50] INFO  Baseclass:52 - CurrentCost entered is:885505559924
[2025-08-28 23:11:51] INFO  Baseclass:55 - Clicked on saveProduct successfully
[2025-09-01 12:45:15] INFO  Baseclass:59 - Chrome browser opened successfully
[2025-09-01 12:45:15] INFO  Baseclass:76 - Browser window maximized successfully
[2025-09-01 12:45:22] INFO  Baseclass:82 - Website is running on https://demo-gcd.omnna.live/index.php
[2025-09-01 12:45:22] INFO  Baseclass:89 - Entered username is: admin
[2025-09-01 12:45:44] INFO  Baseclass:99 - Login completed
[2025-09-01 12:45:44] INFO  Baseclass:34 - Hovered on productManagement hovered successfully
[2025-09-01 12:45:44] INFO  Baseclass:37 - Hovered on product successfully
[2025-09-01 12:45:48] INFO  Baseclass:40 - Clicked on product successfully
[2025-09-01 12:45:48] INFO  Baseclass:44 - Product number entered is:045448830070
[2025-09-01 12:45:48] INFO  Baseclass:48 - M1 entered is:526505410190
[2025-09-01 12:45:48] INFO  Baseclass:52 - CurrentCost entered is:726342157829
[2025-09-01 12:45:57] INFO  Baseclass:55 - Clicked on saveProduct successfully
[2025-09-01 12:45:57] INFO  Baseclass:58 - Hovered on equipmentManagement successfully
[2025-09-01 12:45:57] INFO  Baseclass:61 - Hovered on equipment successfully
[2025-09-01 12:46:01] INFO  Baseclass:64 - Clicked on createEquipment successfully
[2025-09-01 12:46:01] INFO  Baseclass:71 - Product family selected is: 104
[2025-09-01 12:46:02] INFO  Baseclass:75 - year selected is: 67
[2025-09-01 12:46:02] INFO  Baseclass:79 - Make selected is: 55
[2025-09-01 12:46:02] INFO  Baseclass:83 - Model selected is: 106
[2025-09-01 12:46:02] INFO  Baseclass:87 - Model popup closed successfully
[2025-09-01 12:46:02] INFO  Baseclass:94 - Availability Status selected is: 8
[2025-09-01 12:46:02] INFO  Baseclass:98 - Serial number entered is: 368850200431
[2025-09-01 12:46:02] INFO  Baseclass:102 - Equipment cost entered successfully
[2025-09-01 12:46:02] INFO  Baseclass:105 - Clicked on equipment save successfully
[2025-09-01 12:46:03] INFO  Baseclass:108 - Vendor popup closed successfully
[2025-09-01 12:46:03] INFO  Baseclass:111 - Clicked on pushToQB successfully
[2025-09-01 12:46:11] INFO  Baseclass:116 - Hovered on pointOfSale successfully
[2025-09-01 12:46:11] INFO  Baseclass:119 - Hovered on salesOrdersClick successfully
[2025-09-01 12:46:18] INFO  Baseclass:122 - Clicked on createNewSales successfully
[2025-09-01 12:46:18] INFO  Baseclass:126 - Account name entered is: SPD
[2025-09-01 12:46:22] INFO  Baseclass:131 - Account name selected successfully
[2025-09-01 12:46:22] INFO  Baseclass:134 - Product number entered is: 045448830070
[2025-09-01 12:46:24] INFO  Baseclass:138 - Product number selected successfully
[2025-09-01 12:46:24] INFO  Baseclass:143 - Equipment number entered is: 368850200431
[2025-09-01 12:46:24] INFO  Baseclass:146 - Equipment price entered successfully0.00
[2025-09-02 21:11:12] INFO  Baseclass:59 - Chrome browser opened successfully
[2025-09-02 21:11:12] INFO  Baseclass:76 - Browser window maximized successfully
[2025-09-02 21:11:28] INFO  Baseclass:82 - Website is running on https://demo-gcd.omnna.live/index.php
[2025-09-02 21:11:28] INFO  Baseclass:89 - Entered username is: admin
[2025-09-02 21:11:28] INFO  Baseclass:99 - Login completed
[2025-09-02 21:11:34] INFO  Baseclass:34 - Hovered on productManagement hovered successfully
[2025-09-02 21:11:34] INFO  Baseclass:37 - Hovered on product successfully
[2025-09-02 21:11:36] INFO  Baseclass:40 - Clicked on product successfully
[2025-09-02 21:11:36] INFO  Baseclass:44 - Product number entered is:386930382775
[2025-09-02 21:11:37] INFO  Baseclass:48 - M1 entered is:751438587143
[2025-09-02 21:11:37] INFO  Baseclass:51 - AddQohOnhand entered successfully 065
[2025-09-02 21:11:37] INFO  Baseclass:55 - CurrentCost entered is:963717552023
[2025-09-02 21:11:44] INFO  Baseclass:58 - Clicked on saveProduct successfully
[2025-09-02 21:11:45] INFO  Baseclass:61 - Hovered on equipmentManagement successfully
[2025-09-02 21:11:45] INFO  Baseclass:64 - Hovered on equipment successfully
[2025-09-02 21:11:50] INFO  Baseclass:67 - Clicked on createEquipment successfully
[2025-09-02 21:11:51] INFO  Baseclass:74 - Product family selected is: 104
[2025-09-02 21:11:51] INFO  Baseclass:78 - year selected is: 67
[2025-09-02 21:11:51] INFO  Baseclass:82 - Make selected is: 55
[2025-09-02 21:11:52] INFO  Baseclass:86 - Model selected is: 106
[2025-09-02 21:11:52] INFO  Baseclass:90 - Model popup closed successfully
[2025-09-02 21:11:52] INFO  Baseclass:97 - Availability Status selected is: 8
[2025-09-02 21:11:52] INFO  Baseclass:101 - Serial number entered is: 034821814277
[2025-09-02 21:11:52] INFO  Baseclass:105 - Equipment cost entered successfully
[2025-09-02 21:11:52] INFO  Baseclass:108 - Clicked on equipment save successfully
[2025-09-02 21:11:53] INFO  Baseclass:111 - Vendor popup closed successfully
[2025-09-02 21:11:53] INFO  Baseclass:114 - Clicked on pushToQB successfully
[2025-09-02 21:12:03] INFO  Baseclass:119 - Hovered on pointOfSale successfully
[2025-09-02 21:12:03] INFO  Baseclass:122 - Hovered on salesOrdersClick successfully
[2025-09-02 21:12:12] INFO  Baseclass:125 - Clicked on createNewSales successfully
[2025-09-02 21:12:12] INFO  Baseclass:129 - Account name entered is: SPD
[2025-09-02 21:12:16] INFO  Baseclass:134 - Account name selected successfully
[2025-09-02 21:12:16] INFO  Baseclass:137 - Product number entered is: 386930382775
[2025-09-02 21:12:20] INFO  Baseclass:141 - Product number selected successfully
[2025-09-02 21:12:20] INFO  Baseclass:146 - Equipment number entered is: 034821814277
[2025-09-02 21:12:20] INFO  Baseclass:149 - Equipment price entered successfully0.00
[2025-09-02 21:12:20] INFO  Baseclass:152 - Clicked on option product successfully
[2025-09-02 21:18:59] INFO  Baseclass:59 - Chrome browser opened successfully
[2025-09-02 21:18:59] INFO  Baseclass:76 - Browser window maximized successfully
[2025-09-02 21:19:42] INFO  Baseclass:82 - Website is running on https://demo-gcd.omnna.live/index.php
[2025-09-02 21:19:42] INFO  Baseclass:89 - Entered username is: admin
[2025-09-02 21:20:48] INFO  Baseclass:99 - Login completed
[2025-09-02 21:20:48] INFO  Baseclass:35 - Hovered on productManagement hovered successfully
[2025-09-02 21:20:48] INFO  Baseclass:38 - Hovered on product successfully
[2025-09-02 21:20:52] INFO  Baseclass:41 - Clicked on product successfully
[2025-09-02 21:20:52] INFO  Baseclass:45 - Product number entered is:87329
[2025-09-02 21:20:52] INFO  Baseclass:49 - M1 entered is:709
[2025-09-02 21:20:53] INFO  Baseclass:52 - AddQohOnhand entered successfully 556
[2025-09-02 21:20:53] INFO  Baseclass:56 - CurrentCost entered is:585
[2025-09-02 21:21:01] INFO  Baseclass:59 - Clicked on saveProduct successfully
[2025-09-02 21:21:01] INFO  Baseclass:62 - Hovered on equipmentManagement successfully
[2025-09-02 21:21:01] INFO  Baseclass:65 - Hovered on equipment successfully
[2025-09-02 21:21:08] INFO  Baseclass:68 - Clicked on createEquipment successfully
[2025-09-02 21:21:08] INFO  Baseclass:75 - Product family selected is: 104
[2025-09-02 21:21:08] INFO  Baseclass:79 - year selected is: 67
[2025-09-02 21:21:09] INFO  Baseclass:83 - Make selected is: 55
[2025-09-02 21:21:09] INFO  Baseclass:87 - Model selected is: 106
[2025-09-02 21:21:09] INFO  Baseclass:91 - Model popup closed successfully
[2025-09-02 21:21:09] INFO  Baseclass:98 - Availability Status selected is: 8
[2025-09-02 21:21:09] INFO  Baseclass:102 - Serial number entered is: 308941024435
[2025-09-02 21:21:09] INFO  Baseclass:106 - Equipment cost entered successfully
[2025-09-02 21:21:09] INFO  Baseclass:109 - Clicked on equipment save successfully
[2025-09-02 21:21:10] INFO  Baseclass:112 - Vendor popup closed successfully
[2025-09-02 21:21:10] INFO  Baseclass:115 - Clicked on pushToQB successfully
[2025-09-02 21:21:30] INFO  Baseclass:120 - Hovered on pointOfSale successfully
[2025-09-02 21:21:30] INFO  Baseclass:123 - Hovered on salesOrdersClick successfully
[2025-09-02 21:21:40] INFO  Baseclass:126 - Clicked on createNewSales successfully
[2025-09-02 21:21:40] INFO  Baseclass:130 - Account name entered is: SPD
[2025-09-02 21:21:45] INFO  Baseclass:135 - Account name selected successfully
[2025-09-02 21:21:45] INFO  Baseclass:138 - Product number entered is: 87329
[2025-09-02 21:21:48] INFO  Baseclass:142 - Product number selected successfully
[2025-09-02 21:21:48] INFO  Baseclass:147 - Equipment number entered is: 308941024435
[2025-09-02 21:21:49] INFO  Baseclass:150 - Equipment price entered successfully0.00
[2025-09-02 21:21:49] INFO  Baseclass:153 - Clicked on option product successfully
[2025-09-02 21:23:40] INFO  Baseclass:59 - Chrome browser opened successfully
[2025-09-02 21:23:40] INFO  Baseclass:76 - Browser window maximized successfully
[2025-09-02 21:25:56] INFO  Baseclass:59 - Chrome browser opened successfully
[2025-09-02 21:25:56] INFO  Baseclass:76 - Browser window maximized successfully
[2025-09-02 21:26:07] INFO  Baseclass:82 - Website is running on https://demo-gcd.omnna.live/index.php
[2025-09-02 21:26:07] INFO  Baseclass:89 - Entered username is: admin
[2025-09-02 21:26:07] INFO  Baseclass:99 - Login completed
[2025-09-02 21:26:19] INFO  Baseclass:35 - Hovered on productManagement hovered successfully
[2025-09-02 21:26:19] INFO  Baseclass:38 - Hovered on product successfully
[2025-09-02 21:26:25] INFO  Baseclass:41 - Clicked on product successfully
[2025-09-02 21:26:25] INFO  Baseclass:45 - Product number entered is:27368
[2025-09-02 21:26:25] INFO  Baseclass:49 - M1 entered is:390
[2025-09-02 21:26:25] INFO  Baseclass:52 - AddQohOnhand entered successfully 514
[2025-09-02 21:26:25] INFO  Baseclass:56 - CurrentCost entered is:155
[2025-09-02 21:26:31] INFO  Baseclass:59 - Clicked on saveProduct successfully
[2025-09-02 21:26:31] INFO  Baseclass:62 - Hovered on equipmentManagement successfully
[2025-09-02 21:26:31] INFO  Baseclass:65 - Hovered on equipment successfully
[2025-09-02 21:26:34] INFO  Baseclass:68 - Clicked on createEquipment successfully
[2025-09-02 21:26:35] INFO  Baseclass:75 - Product family selected is: 104
[2025-09-02 21:26:35] INFO  Baseclass:79 - year selected is: 67
[2025-09-02 21:26:35] INFO  Baseclass:83 - Make selected is: 55
[2025-09-02 21:26:35] INFO  Baseclass:87 - Model selected is: 106
[2025-09-02 21:26:35] INFO  Baseclass:91 - Model popup closed successfully
[2025-09-02 21:26:35] INFO  Baseclass:98 - Availability Status selected is: 8
[2025-09-02 21:26:35] INFO  Baseclass:102 - Serial number entered is: 661265665678
[2025-09-02 21:26:35] INFO  Baseclass:106 - Equipment cost entered successfully
[2025-09-02 21:26:35] INFO  Baseclass:109 - Clicked on equipment save successfully
[2025-09-02 21:26:38] INFO  Baseclass:112 - Vendor popup closed successfully
[2025-09-02 21:26:39] INFO  Baseclass:115 - Clicked on pushToQB successfully
[2025-09-02 21:26:48] INFO  Baseclass:120 - Hovered on pointOfSale successfully
[2025-09-02 21:26:48] INFO  Baseclass:123 - Hovered on salesOrdersClick successfully
[2025-09-02 21:26:55] INFO  Baseclass:126 - Clicked on createNewSales successfully
[2025-09-02 21:26:55] INFO  Baseclass:130 - Account name entered is: SPD
[2025-09-02 21:27:01] INFO  Baseclass:135 - Account name selected successfully
[2025-09-02 21:27:01] INFO  Baseclass:138 - Product number entered is: 27368
[2025-09-02 21:27:10] INFO  Baseclass:142 - Product number selected successfully
[2025-09-02 21:27:12] INFO  Baseclass:148 - Equipment number entered is: 661265665678
[2025-09-02 21:27:12] INFO  Baseclass:151 - Equipment price entered successfully94145
[2025-09-02 21:27:12] INFO  Baseclass:154 - Clicked on option product successfully
[2025-09-02 21:27:17] INFO  Baseclass:159 - Option product entered is: 27368
[2025-09-07 21:57:27] INFO  Baseclass:59 - Chrome browser opened successfully
[2025-09-07 21:57:27] INFO  Baseclass:76 - Browser window maximized successfully
[2025-09-07 21:58:55] INFO  Baseclass:82 - Website is running on https://demo-gcd.omnna.live/index.php
[2025-09-07 21:58:55] INFO  Baseclass:89 - Entered username is: admin
[2025-09-07 21:59:41] INFO  Baseclass:99 - Login completed
[2025-09-07 21:59:41] INFO  Baseclass:35 - Hovered on productManagement hovered successfully
[2025-09-07 21:59:41] INFO  Baseclass:38 - Hovered on product successfully
[2025-09-07 21:59:52] INFO  Baseclass:41 - Clicked on product successfully
[2025-09-07 21:59:52] INFO  Baseclass:45 - Product number entered is:50254
[2025-09-07 21:59:52] INFO  Baseclass:49 - M1 entered is:752
[2025-09-07 21:59:52] INFO  Baseclass:52 - AddQohOnhand entered successfully 209
[2025-09-07 21:59:52] INFO  Baseclass:56 - CurrentCost entered is:882
[2025-09-07 22:00:00] INFO  Baseclass:59 - Clicked on saveProduct successfully
[2025-09-07 22:00:00] INFO  Baseclass:62 - Hovered on equipmentManagement successfully
[2025-09-07 22:00:00] INFO  Baseclass:65 - Hovered on equipment successfully
[2025-09-07 22:00:04] INFO  Baseclass:68 - Clicked on createEquipment successfully
[2025-09-07 22:00:05] INFO  Baseclass:75 - Product family selected is: 104
[2025-09-07 22:00:05] INFO  Baseclass:79 - year selected is: 67
[2025-09-07 22:00:06] INFO  Baseclass:83 - Make selected is: 55
[2025-09-07 22:00:06] INFO  Baseclass:87 - Model selected is: 106
[2025-09-07 22:00:06] INFO  Baseclass:91 - Model popup closed successfully
[2025-09-07 22:00:06] INFO  Baseclass:98 - Availability Status selected is: 8
[2025-09-07 22:00:07] INFO  Baseclass:102 - Serial number entered is: 923049255447
[2025-09-07 22:00:07] INFO  Baseclass:106 - Equipment cost entered successfully
[2025-09-07 22:00:07] INFO  Baseclass:109 - Clicked on equipment save successfully
[2025-09-07 22:00:07] INFO  Baseclass:112 - Vendor popup closed successfully
[2025-09-07 22:00:08] INFO  Baseclass:115 - Clicked on pushToQB successfully
[2025-09-07 22:00:17] INFO  Baseclass:120 - Hovered on pointOfSale successfully
[2025-09-07 22:00:17] INFO  Baseclass:123 - Hovered on salesOrdersClick successfully
[2025-09-07 22:00:42] INFO  Baseclass:126 - Clicked on createNewSales successfully
[2025-09-07 22:00:42] INFO  Baseclass:130 - Account name entered is: SPD
[2025-09-07 22:00:47] INFO  Baseclass:135 - Account name selected successfully
[2025-09-07 22:00:47] INFO  Baseclass:138 - Product number entered is: 50254
[2025-09-07 22:00:51] INFO  Baseclass:142 - Product number selected successfully
[2025-09-07 22:00:53] INFO  Baseclass:148 - Equipment number entered is: 923049255447
[2025-09-07 22:00:53] INFO  Baseclass:151 - Equipment price entered successfully08398
[2025-09-07 22:00:54] INFO  Baseclass:154 - Clicked on option product successfully
[2025-09-07 22:00:56] INFO  Baseclass:159 - Option product entered is: 50254
[2025-09-25 22:04:18] INFO  Baseclass:59 - Chrome browser opened successfully
[2025-09-25 22:04:18] INFO  Baseclass:76 - Browser window maximized successfully
[2025-09-25 22:04:22] INFO  Baseclass:82 - Website is running on https://demo-gcd.omnna.live/index.php
[2025-09-25 22:04:23] INFO  Baseclass:89 - Entered username is: admin
[2025-09-25 22:04:23] INFO  Baseclass:99 - Login completed
[2025-09-25 22:04:31] INFO  Baseclass:35 - Hovered on productManagement hovered successfully
[2025-09-25 22:04:31] INFO  Baseclass:38 - Hovered on product successfully
[2025-09-25 22:04:34] INFO  Baseclass:41 - Clicked on product successfully
[2025-09-25 22:04:34] INFO  Baseclass:45 - Product number entered is:86657
[2025-09-25 22:04:34] INFO  Baseclass:49 - M1 entered is:801
[2025-09-25 22:04:34] INFO  Baseclass:52 - AddQohOnhand entered successfully 752
[2025-09-25 22:04:35] INFO  Baseclass:56 - CurrentCost entered is:660
[2025-09-25 22:04:40] INFO  Baseclass:59 - Clicked on saveProduct successfully
[2025-09-25 22:04:40] INFO  Baseclass:64 - Hovered on equipmentManagement successfully
[2025-09-25 22:05:50] INFO  Baseclass:59 - Chrome browser opened successfully
[2025-09-25 22:05:50] INFO  Baseclass:76 - Browser window maximized successfully
[2025-09-25 22:05:58] INFO  Baseclass:82 - Website is running on https://demo-gcd.omnna.live/index.php
[2025-09-25 22:05:59] INFO  Baseclass:89 - Entered username is: admin
[2025-09-25 22:06:00] INFO  Baseclass:99 - Login completed
[2025-09-25 22:06:04] INFO  Baseclass:35 - Hovered on productManagement hovered successfully
[2025-09-25 22:06:05] INFO  Baseclass:38 - Hovered on product successfully
[2025-09-25 22:06:08] INFO  Baseclass:41 - Clicked on product successfully
[2025-09-25 22:06:08] INFO  Baseclass:45 - Product number entered is:99282
[2025-09-25 22:06:08] INFO  Baseclass:49 - M1 entered is:398
[2025-09-25 22:06:08] INFO  Baseclass:52 - AddQohOnhand entered successfully 632
[2025-09-25 22:06:09] INFO  Baseclass:56 - CurrentCost entered is:344
[2025-09-25 22:06:13] INFO  Baseclass:59 - Clicked on saveProduct successfully
[2025-09-25 22:06:15] INFO  Baseclass:64 - Hovered on equipmentManagement successfully
[2025-09-25 22:06:16] INFO  Baseclass:67 - Hovered on equipment successfully
[2025-09-25 22:06:18] INFO  Baseclass:70 - Clicked on createEquipment successfully
[2025-09-25 22:06:19] INFO  Baseclass:77 - Product family selected is: 104
[2025-09-25 22:06:19] INFO  Baseclass:81 - year selected is: 67
[2025-09-25 22:06:21] INFO  Baseclass:85 - Make selected is: 55
[2025-09-25 22:06:21] INFO  Baseclass:89 - Model selected is: 106
[2025-09-25 22:06:21] INFO  Baseclass:93 - Model popup closed successfully
[2025-09-25 22:06:21] INFO  Baseclass:100 - Availability Status selected is: 8
[2025-09-25 22:06:21] INFO  Baseclass:104 - Serial number entered is: 669742464589
[2025-09-25 22:06:22] INFO  Baseclass:108 - Equipment cost entered successfully
[2025-09-25 22:06:22] INFO  Baseclass:111 - Clicked on equipment save successfully
[2025-09-25 22:06:23] INFO  Baseclass:114 - Vendor popup closed successfully
[2025-09-25 22:06:23] INFO  Baseclass:117 - Clicked on pushToQB successfully
[2025-09-25 22:06:27] INFO  Baseclass:122 - Hovered on pointOfSale successfully
[2025-09-25 22:06:28] INFO  Baseclass:125 - Hovered on salesOrdersClick successfully
[2025-09-25 22:06:33] INFO  Baseclass:128 - Clicked on createNewSales successfully
[2025-09-25 22:06:33] INFO  Baseclass:132 - Account name entered is: SPD
[2025-09-25 22:06:37] INFO  Baseclass:137 - Account name selected successfully
[2025-09-25 22:06:37] INFO  Baseclass:140 - Product number entered is: 99282
[2025-09-25 22:06:40] INFO  Baseclass:144 - Product number selected successfully
[2025-09-25 22:06:43] INFO  Baseclass:150 - Equipment number entered is: 669742464589
[2025-09-25 22:06:43] INFO  Baseclass:153 - Equipment price entered successfully52500
[2025-09-25 22:06:43] INFO  Baseclass:156 - Clicked on option product successfully
[2025-09-25 22:06:45] INFO  Baseclass:161 - Option product entered is: 99282
[2025-10-20 22:05:01] INFO  Baseclass:59 - Chrome browser opened successfully
[2025-10-20 22:05:01] INFO  Baseclass:76 - Browser window maximized successfully
[2025-10-20 22:05:17] INFO  Baseclass:82 - Website is running on https://demo-gcd.omnna.live/index.php
[2025-10-20 22:05:17] INFO  Baseclass:89 - Entered username is: admin
[2025-10-20 22:05:25] INFO  Baseclass:99 - Login completed
[2025-10-20 22:05:25] INFO  Baseclass:35 - Hovered on productManagement hovered successfully
[2025-10-20 22:05:25] INFO  Baseclass:38 - Hovered on product successfully
[2025-10-20 22:05:29] INFO  Baseclass:41 - Clicked on product successfully
[2025-10-20 22:05:29] INFO  Baseclass:45 - Product number entered is:08858
[2025-10-20 22:05:29] INFO  Baseclass:49 - M1 entered is:928
[2025-10-20 22:05:29] INFO  Baseclass:52 - AddQohOnhand entered successfully 104
[2025-10-20 22:05:30] INFO  Baseclass:56 - CurrentCost entered is:239
[2025-10-20 22:05:37] INFO  Baseclass:59 - Clicked on saveProduct successfully
[2025-10-20 22:05:39] INFO  Baseclass:64 - Hovered on equipmentManagement successfully
[2025-10-20 22:05:39] INFO  Baseclass:67 - Hovered on equipment successfully
[2025-10-20 22:05:42] INFO  Baseclass:70 - Clicked on createEquipment successfully
[2025-10-20 22:05:43] INFO  Baseclass:77 - Product family selected is: 104
[2025-10-20 22:05:43] INFO  Baseclass:81 - year selected is: 67
[2025-10-20 22:05:43] INFO  Baseclass:85 - Make selected is: 55
[2025-10-20 22:05:44] INFO  Baseclass:89 - Model selected is: 106
[2025-10-20 22:05:44] INFO  Baseclass:93 - Model popup closed successfully
[2025-10-20 22:05:44] INFO  Baseclass:100 - Availability Status selected is: 8
[2025-10-20 22:05:44] INFO  Baseclass:104 - Serial number entered is: 145565022009
[2025-10-20 22:05:44] INFO  Baseclass:108 - Equipment cost entered successfully
[2025-10-20 22:05:45] INFO  Baseclass:111 - Clicked on equipment save successfully
[2025-10-20 22:05:45] INFO  Baseclass:114 - Vendor popup closed successfully
[2025-10-20 22:05:46] INFO  Baseclass:117 - Clicked on pushToQB successfully
[2025-10-20 22:05:50] INFO  Baseclass:122 - Hovered on pointOfSale successfully
[2025-10-20 22:05:50] INFO  Baseclass:125 - Hovered on salesOrdersClick successfully
[2025-10-20 22:05:57] INFO  Baseclass:128 - Clicked on createNewSales successfully
[2025-10-20 22:05:57] INFO  Baseclass:131 - Account name entered is: SPD
[2025-10-20 22:06:01] INFO  Baseclass:136 - Account name selected successfully
[2025-10-20 22:06:01] INFO  Baseclass:139 - Product number entered is: 08858
[2025-10-20 22:06:04] INFO  Baseclass:143 - Product number selected successfully
[2025-10-20 22:06:06] INFO  Baseclass:149 - Equipment number entered is: 145565022009
[2025-10-20 22:06:06] INFO  Baseclass:152 - Equipment price entered successfully21703
[2025-10-20 22:06:07] INFO  Baseclass:155 - Clicked on option product successfully
[2025-10-20 22:06:10] INFO  Baseclass:160 - Option product entered is: 08858
[2025-10-26 08:32:20] INFO  Baseclass:62 - Chrome browser opened successfully
[2025-10-26 08:32:21] INFO  Baseclass:79 - Browser window maximized successfully
[2025-10-26 08:32:24] INFO  Baseclass:85 - Website is running on https://demo-gcd.omnna.live/index.php
[2025-10-26 08:32:24] INFO  Baseclass:92 - Entered username is: admin
[2025-10-26 08:32:57] INFO  Baseclass:62 - Chrome browser opened successfully
[2025-10-26 08:32:57] INFO  Baseclass:79 - Browser window maximized successfully
[2025-10-26 08:33:00] INFO  Baseclass:85 - Website is running on https://demo-gcd.omnna.live/index.php
[2025-10-26 08:33:01] INFO  Baseclass:92 - Entered username is: admin
[2025-10-26 08:33:56] INFO  Baseclass:58 - Chrome browser opened successfully
[2025-10-26 08:33:56] INFO  Baseclass:75 - Browser window maximized successfully
[2025-10-26 08:34:03] INFO  Baseclass:81 - Website is running on https://demo-gcd.omnna.live/index.php
[2025-10-26 08:34:03] INFO  Baseclass:88 - Entered username is: admin
[2025-10-26 08:34:10] INFO  Baseclass:98 - Login completed
[2025-10-26 08:34:11] INFO  Baseclass:35 - Hovered on productManagement hovered successfully
[2025-10-26 08:34:11] INFO  Baseclass:38 - Hovered on product successfully
[2025-10-26 08:34:13] INFO  Baseclass:41 - Clicked on product successfully
[2025-10-26 08:34:13] INFO  Baseclass:45 - Product number entered is:70821
[2025-10-26 08:34:13] INFO  Baseclass:49 - M1 entered is:613
[2025-10-26 08:34:13] INFO  Baseclass:52 - AddQohOnhand entered successfully 390
[2025-10-26 08:34:13] INFO  Baseclass:56 - CurrentCost entered is:017
[2025-10-26 08:34:18] INFO  Baseclass:59 - Clicked on saveProduct successfully
[2025-10-26 08:34:20] INFO  Baseclass:64 - Hovered on equipmentManagement successfully
[2025-10-26 08:34:20] INFO  Baseclass:67 - Hovered on equipment successfully
[2025-10-26 08:34:23] INFO  Baseclass:70 - Clicked on createEquipment successfully
[2025-10-26 08:34:23] INFO  Baseclass:77 - Product family selected is: 104
[2025-10-26 08:34:23] INFO  Baseclass:81 - year selected is: 67
[2025-10-26 08:34:24] INFO  Baseclass:85 - Make selected is: 55
[2025-10-26 08:34:24] INFO  Baseclass:89 - Model selected is: 106
[2025-10-26 08:34:24] INFO  Baseclass:93 - Model popup closed successfully
[2025-10-26 08:34:24] INFO  Baseclass:100 - Availability Status selected is: 8
[2025-10-26 08:34:24] INFO  Baseclass:104 - Serial number entered is: 741257736051
[2025-10-26 08:34:24] INFO  Baseclass:108 - Equipment cost entered successfully
[2025-10-26 08:34:25] INFO  Baseclass:111 - Clicked on equipment save successfully
[2025-10-26 08:34:25] INFO  Baseclass:114 - Vendor popup closed successfully
[2025-10-26 08:34:25] INFO  Baseclass:117 - Clicked on pushToQB successfully
[2025-11-06 21:03:04] INFO  Baseclass:58 - Chrome browser opened successfully
[2025-11-06 21:03:04] INFO  Baseclass:75 - Browser window maximized successfully
[2025-11-06 21:03:07] INFO  Baseclass:81 - Website is running on https://demo-gcd.omnna.live/index.php
[2025-11-06 21:03:07] INFO  Baseclass:88 - Entered username is: admin
[2025-11-06 21:03:16] INFO  Baseclass:98 - Login completed
[2025-11-06 21:03:17] INFO  Baseclass:35 - Hovered on productManagement hovered successfully
[2025-11-06 21:03:17] INFO  Baseclass:38 - Hovered on product successfully
[2025-11-06 21:03:19] INFO  Baseclass:41 - Clicked on product successfully
[2025-11-06 21:03:20] INFO  Baseclass:45 - Product number entered is:73576
[2025-11-06 21:03:20] INFO  Baseclass:49 - M1 entered is:583
[2025-11-06 21:03:20] INFO  Baseclass:52 - AddQohOnhand entered successfully 482
[2025-11-06 21:03:20] INFO  Baseclass:56 - CurrentCost entered is:116
[2025-11-06 21:03:27] INFO  Baseclass:59 - Clicked on saveProduct successfully
[2025-11-06 21:03:29] INFO  Baseclass:64 - Hovered on equipmentManagement successfully
[2025-11-06 21:03:29] INFO  Baseclass:67 - Hovered on equipment successfully
[2025-11-06 21:03:32] INFO  Baseclass:70 - Clicked on createEquipment successfully
[2025-11-06 21:03:32] INFO  Baseclass:77 - Product family selected is: 104
[2025-11-06 21:03:32] INFO  Baseclass:81 - year selected is: 67
[2025-11-06 21:03:33] INFO  Baseclass:85 - Make selected is: 55
[2025-11-06 21:03:33] INFO  Baseclass:89 - Model selected is: 106
[2025-11-06 21:03:33] INFO  Baseclass:93 - Model popup closed successfully
[2025-11-06 21:03:34] INFO  Baseclass:100 - Availability Status selected is: 8
[2025-11-06 21:03:34] INFO  Baseclass:104 - Serial number entered is: 524677856864
[2025-11-06 21:03:34] INFO  Baseclass:108 - Equipment cost entered successfully
[2025-11-06 21:03:34] INFO  Baseclass:111 - Clicked on equipment save successfully
[2025-11-06 21:03:35] INFO  Baseclass:114 - Vendor popup closed successfully
[2025-11-06 21:03:35] INFO  Baseclass:117 - Clicked on pushToQB successfully
[2025-11-06 21:03:40] INFO  Baseclass:122 - Hovered on pointOfSale successfully
[2025-11-06 21:03:40] INFO  Baseclass:125 - Hovered on salesOrdersClick successfully
[2025-11-06 21:03:44] INFO  Baseclass:128 - Clicked on createNewSales successfully
[2025-11-06 21:03:44] INFO  Baseclass:131 - Account name entered is: SPD
[2025-11-06 21:03:48] INFO  Baseclass:136 - Account name selected successfully
[2025-11-06 21:03:48] INFO  Baseclass:139 - Product number entered is: 73576
[2025-11-06 21:03:51] INFO  Baseclass:143 - Product number selected successfully
[2025-11-06 21:03:53] INFO  Baseclass:149 - Equipment number entered is: 524677856864
[2025-11-06 21:03:54] INFO  Baseclass:152 - Equipment price entered successfully42127
[2025-11-06 21:03:54] INFO  Baseclass:155 - Clicked on option product successfully
[2025-11-06 21:03:56] INFO  Baseclass:160 - Option product entered is: 73576
[2025-12-20 22:16:28] INFO  Baseclass:58 - Chrome browser opened successfully
[2025-12-20 22:16:28] INFO  Baseclass:75 - Browser window maximized successfully
[2025-12-20 22:16:37] INFO  Baseclass:81 - Website is running on https://demo-gcd.omnna.live/index.php
[2025-12-20 22:16:37] INFO  Baseclass:88 - Entered username is: admin
[2025-12-20 22:16:37] INFO  Baseclass:98 - Login completed
[2025-12-20 22:16:42] INFO  Baseclass:35 - Hovered on productManagement hovered successfully
[2025-12-20 22:16:42] INFO  Baseclass:38 - Hovered on product successfully
[2025-12-20 22:16:45] INFO  Baseclass:41 - Clicked on product successfully
[2025-12-20 22:16:45] INFO  Baseclass:45 - Product number entered is:56469
[2025-12-20 22:16:45] INFO  Baseclass:49 - M1 entered is:087
[2025-12-20 22:16:45] INFO  Baseclass:52 - AddQohOnhand entered successfully 117
[2025-12-20 22:16:45] INFO  Baseclass:56 - CurrentCost entered is:476
[2025-12-20 22:16:49] INFO  Baseclass:59 - Clicked on saveProduct successfully
[2025-12-20 22:16:52] INFO  Baseclass:64 - Hovered on equipmentManagement successfully
[2025-12-20 22:16:52] INFO  Baseclass:67 - Hovered on equipment successfully
[2025-12-20 22:16:55] INFO  Baseclass:70 - Clicked on createEquipment successfully
[2025-12-20 22:16:55] INFO  Baseclass:77 - Product family selected is: 104
[2025-12-20 22:16:55] INFO  Baseclass:81 - year selected is: 67
[2025-12-20 22:16:56] INFO  Baseclass:85 - Make selected is: 55
[2025-12-20 22:16:56] INFO  Baseclass:89 - Model selected is: 106
[2025-12-20 22:16:56] INFO  Baseclass:93 - Model popup closed successfully
[2025-12-20 22:16:56] INFO  Baseclass:100 - Availability Status selected is: 8
[2025-12-20 22:16:56] INFO  Baseclass:104 - Serial number entered is: 009162155721
[2025-12-20 22:16:56] INFO  Baseclass:108 - Equipment cost entered successfully
[2025-12-20 22:16:56] INFO  Baseclass:111 - Clicked on equipment save successfully
[2025-12-20 22:16:57] INFO  Baseclass:114 - Vendor popup closed successfully
[2025-12-20 22:16:57] INFO  Baseclass:117 - Clicked on pushToQB successfully
[2025-12-20 22:17:03] INFO  Baseclass:122 - Hovered on pointOfSale successfully
[2025-12-20 22:17:04] INFO  Baseclass:125 - Hovered on salesOrdersClick successfully
[2025-12-20 22:17:08] INFO  Baseclass:128 - Clicked on createNewSales successfully
[2025-12-20 22:17:08] INFO  Baseclass:131 - Account name entered is: SPD
[2025-12-20 22:17:13] INFO  Baseclass:136 - Account name selected successfully
[2025-12-20 22:17:13] INFO  Baseclass:139 - Product number entered is: 56469
[2025-12-20 22:17:17] INFO  Baseclass:143 - Product number selected successfully
[2025-12-20 22:17:19] INFO  Baseclass:149 - Equipment number entered is: 009162155721
[2025-12-20 22:17:19] INFO  Baseclass:152 - Equipment price entered successfully81145
[2025-12-20 22:17:19] INFO  Baseclass:155 - Clicked on option product successfully
[2025-12-20 22:17:21] INFO  Baseclass:160 - Option product entered is: 56469
[2025-12-20 22:23:39] INFO  Baseclass:59 - Chrome browser opened successfully
[2025-12-20 22:23:39] INFO  Baseclass:76 - Browser window maximized successfully
[2025-12-20 22:23:52] INFO  Baseclass:82 - Website is running on https://demo-gcd.omnna.live/index.php
[2025-12-20 22:26:40] INFO  Baseclass:61 - Chrome browser opened successfully
[2025-12-20 22:26:40] INFO  Baseclass:78 - Browser window maximized successfully
[2025-12-20 22:27:09] INFO  Baseclass:84 - Website is running on https://demo-gcd.omnna.live/index.php
[2025-12-20 22:27:22] INFO  Baseclass:61 - Chrome browser opened successfully
[2025-12-20 22:27:22] INFO  Baseclass:78 - Browser window maximized successfully
[2025-12-20 22:28:04] INFO  Baseclass:61 - Chrome browser opened successfully
[2025-12-20 22:28:04] INFO  Baseclass:78 - Browser window maximized successfully
[2025-12-20 22:28:10] INFO  Baseclass:84 - Website is running on https://demo-gcd.omnna.live/index.php
[2025-12-20 22:32:53] INFO  Baseclass:62 - Chrome browser opened successfully
[2025-12-20 22:32:53] INFO  Baseclass:79 - Browser window maximized successfully
[2025-12-20 22:33:04] INFO  Baseclass:85 - Website is running on https://demo-gcd.omnna.live/index.php
[2025-12-20 22:33:04] INFO  Baseclass:101 - Title verified successfully
[2025-12-20 22:33:04] INFO  Baseclass:108 - Entered username is: admin
[2025-12-20 22:33:09] INFO  Baseclass:118 - Login completed
[2025-12-20 22:33:10] INFO  Baseclass:35 - Hovered on productManagement hovered successfully
[2025-12-20 22:33:10] INFO  Baseclass:38 - Hovered on product successfully
[2025-12-20 22:33:12] INFO  Baseclass:41 - Clicked on product successfully
[2025-12-20 22:33:12] INFO  Baseclass:45 - Product number entered is:29164
[2025-12-20 22:33:12] INFO  Baseclass:49 - M1 entered is:491
[2025-12-20 22:33:12] INFO  Baseclass:52 - AddQohOnhand entered successfully 201
[2025-12-20 22:33:12] INFO  Baseclass:56 - CurrentCost entered is:219
[2025-12-21 22:40:02] INFO  TC__001CreateProductCreatePOReceivePO:70 - Chrome browser opened successfully
[2025-12-21 22:40:02] INFO  TC__001CreateProductCreatePOReceivePO:87 - Browser window maximized successfully
[2025-12-21 22:40:11] INFO  TC__001CreateProductCreatePOReceivePO:93 - Website is running on https://demo-gcd.omnna.live/index.php
[2025-12-21 22:40:11] INFO  TC__001CreateProductCreatePOReceivePO:105 - Entered username is: admin
[2025-12-21 22:40:13] INFO  TC__001CreateProductCreatePOReceivePO:115 - Login completed
